1617022440611	geckodriver	INFO	Listening on 127.0.0.1:59871
1617022441624	mozrunner::runner	INFO	Running command: "/usr/bin/firefox" "--marionette" "-headless" "-foreground" "-no-remote" "-profile" "/tmp/rust_mozprofile4CFA02"
*** You are running in headless mode.
[GFX1-]: glxtest: Unable to open a connection to the X server
[GFX1-]: glxtest: libEGL missing

(/usr/lib/firefox/firefox:1720): GLib-GObject-CRITICAL **: 12:54:06.078: g_object_set: assertion 'G_IS_OBJECT (object)' failed

(/usr/lib/firefox/firefox:1743): GLib-GObject-CRITICAL **: 12:54:06.285: g_object_set: assertion 'G_IS_OBJECT (object)' failed
console.warn: SearchSettings: "get: No settings file exists, new profile?" (new Error("", "(unknown module)"))
1617022447739	Marionette	INFO	Listening on port 45489

(/usr/lib/firefox/firefox:1801): GLib-GObject-CRITICAL **: 12:54:07.782: g_object_set: assertion 'G_IS_OBJECT (object)' failed
1617022447797	Marionette	WARN	TLS certificate errors will be ignored for this session
1617022451596	geckodriver	INFO	Listening on 127.0.0.1:38097
1617022451601	mozrunner::runner	INFO	Running command: "/usr/bin/firefox" "--marionette" "-headless" "-foreground" "-no-remote" "-profile" "/tmp/rust_mozprofileympLxj"
*** You are running in headless mode.
[GFX1-]: glxtest: Unable to open a connection to the X server
[GFX1-]: glxtest: libEGL missing

(/usr/lib/firefox/firefox:1881): GLib-GObject-CRITICAL **: 12:54:12.269: g_object_set: assertion 'G_IS_OBJECT (object)' failed

(/usr/lib/firefox/firefox:1900): GLib-GObject-CRITICAL **: 12:54:12.367: g_object_set: assertion 'G_IS_OBJECT (object)' failed
console.warn: SearchSettings: "get: No settings file exists, new profile?" (new Error("", "(unknown module)"))
1617022453283	Marionette	INFO	Listening on port 39261

(/usr/lib/firefox/firefox:1963): GLib-GObject-CRITICAL **: 12:54:13.319: g_object_set: assertion 'G_IS_OBJECT (object)' failed
1617022453334	Marionette	WARN	TLS certificate errors will be ignored for this session
1617022456648	geckodriver	INFO	Listening on 127.0.0.1:33869
1617022456653	mozrunner::runner	INFO	Running command: "/usr/bin/firefox" "--marionette" "-headless" "-foreground" "-no-remote" "-profile" "/tmp/rust_mozprofilenUYlWA"
*** You are running in headless mode.
[GFX1-]: glxtest: Unable to open a connection to the X server
[GFX1-]: glxtest: libEGL missing

(/usr/lib/firefox/firefox:2051): GLib-GObject-CRITICAL **: 12:54:17.310: g_object_set: assertion 'G_IS_OBJECT (object)' failed

(/usr/lib/firefox/firefox:2067): GLib-GObject-CRITICAL **: 12:54:17.426: g_object_set: assertion 'G_IS_OBJECT (object)' failed
console.warn: SearchSettings: "get: No settings file exists, new profile?" (new Error("", "(unknown module)"))
1617022458236	Marionette	INFO	Listening on port 38353
1617022458283	Marionette	WARN	TLS certificate errors will be ignored for this session

(/usr/lib/firefox/firefox:2134): GLib-GObject-CRITICAL **: 12:54:18.337: g_object_set: assertion 'G_IS_OBJECT (object)' failed
1617022461547	geckodriver	INFO	Listening on 127.0.0.1:45431
1617022461551	mozrunner::runner	INFO	Running command: "/usr/bin/firefox" "--marionette" "-headless" "-foreground" "-no-remote" "-profile" "/tmp/rust_mozprofilesYzP9i"
*** You are running in headless mode.
[GFX1-]: glxtest: Unable to open a connection to the X server
[GFX1-]: glxtest: libEGL missing

(/usr/lib/firefox/firefox:2218): GLib-GObject-CRITICAL **: 12:54:22.182: g_object_set: assertion 'G_IS_OBJECT (object)' failed

(/usr/lib/firefox/firefox:2234): GLib-GObject-CRITICAL **: 12:54:22.248: g_object_set: assertion 'G_IS_OBJECT (object)' failed
console.warn: SearchSettings: "get: No settings file exists, new profile?" (new Error("", "(unknown module)"))
1617022463151	Marionette	INFO	Listening on port 42083
1617022463181	Marionette	WARN	TLS certificate errors will be ignored for this session

(/usr/lib/firefox/firefox:2301): GLib-GObject-CRITICAL **: 12:54:23.235: g_object_set: assertion 'G_IS_OBJECT (object)' failed
1617022466486	geckodriver	INFO	Listening on 127.0.0.1:36635
1617022466555	mozrunner::runner	INFO	Running command: "/usr/bin/firefox" "--marionette" "-headless" "-foreground" "-no-remote" "-profile" "/tmp/rust_mozprofilettDjgC"
*** You are running in headless mode.
[GFX1-]: glxtest: Unable to open a connection to the X server
[GFX1-]: glxtest: libEGL missing

(/usr/lib/firefox/firefox:2387): GLib-GObject-CRITICAL **: 12:54:27.626: g_object_set: assertion 'G_IS_OBJECT (object)' failed

(/usr/lib/firefox/firefox:2406): GLib-GObject-CRITICAL **: 12:54:27.713: g_object_set: assertion 'G_IS_OBJECT (object)' failed
console.warn: SearchSettings: "get: No settings file exists, new profile?" (new Error("", "(unknown module)"))
1617022468490	Marionette	INFO	Listening on port 46659
1617022468602	Marionette	WARN	TLS certificate errors will be ignored for this session

(/usr/lib/firefox/firefox:2471): GLib-GObject-CRITICAL **: 12:54:28.699: g_object_set: assertion 'G_IS_OBJECT (object)' failed
1617022471882	geckodriver	INFO	Listening on 127.0.0.1:32839
1617022471885	mozrunner::runner	INFO	Running command: "/usr/bin/firefox" "--marionette" "-headless" "-foreground" "-no-remote" "-profile" "/tmp/rust_mozprofilegtIdYq"
*** You are running in headless mode.
[GFX1-]: glxtest: Unable to open a connection to the X server
[GFX1-]: glxtest: libEGL missing

(/usr/lib/firefox/firefox:2555): GLib-GObject-CRITICAL **: 12:54:32.561: g_object_set: assertion 'G_IS_OBJECT (object)' failed

(/usr/lib/firefox/firefox:2571): GLib-GObject-CRITICAL **: 12:54:32.610: g_object_set: assertion 'G_IS_OBJECT (object)' failed
console.warn: SearchSettings: "get: No settings file exists, new profile?" (new Error("", "(unknown module)"))
1617022473381	Marionette	INFO	Listening on port 43885
1617022473409	Marionette	WARN	TLS certificate errors will be ignored for this session

(/usr/lib/firefox/firefox:2639): GLib-GObject-CRITICAL **: 12:54:33.557: g_object_set: assertion 'G_IS_OBJECT (object)' failed
1617022477432	geckodriver	INFO	Listening on 127.0.0.1:32841
1617022477436	mozrunner::runner	INFO	Running command: "/usr/bin/firefox" "--marionette" "-headless" "-foreground" "-no-remote" "-profile" "/tmp/rust_mozprofilel8ZTuW"
*** You are running in headless mode.
[GFX1-]: glxtest: Unable to open a connection to the X server
[GFX1-]: glxtest: libEGL missing

(/usr/lib/firefox/firefox:2721): GLib-GObject-CRITICAL **: 12:54:38.165: g_object_set: assertion 'G_IS_OBJECT (object)' failed

(/usr/lib/firefox/firefox:2740): GLib-GObject-CRITICAL **: 12:54:38.259: g_object_set: assertion 'G_IS_OBJECT (object)' failed
console.warn: SearchSettings: "get: No settings file exists, new profile?" (new Error("", "(unknown module)"))
1617022479244	Marionette	INFO	Listening on port 44539

(/usr/lib/firefox/firefox:2793): GLib-GObject-CRITICAL **: 12:54:39.254: g_object_set: assertion 'G_IS_OBJECT (object)' failed
1617022479366	Marionette	WARN	TLS certificate errors will be ignored for this session
1617022485060	geckodriver	INFO	Listening on 127.0.0.1:43313
1617022485064	mozrunner::runner	INFO	Running command: "/usr/bin/firefox" "--marionette" "-headless" "-foreground" "-no-remote" "-profile" "/tmp/rust_mozprofile7rt81w"
*** You are running in headless mode.
[GFX1-]: glxtest: Unable to open a connection to the X server
[GFX1-]: glxtest: libEGL missing

(/usr/lib/firefox/firefox:2872): GLib-GObject-CRITICAL **: 12:54:45.782: g_object_set: assertion 'G_IS_OBJECT (object)' failed

(/usr/lib/firefox/firefox:2888): GLib-GObject-CRITICAL **: 12:54:45.888: g_object_set: assertion 'G_IS_OBJECT (object)' failed
console.warn: SearchSettings: "get: No settings file exists, new profile?" (new Error("", "(unknown module)"))
1617022486825	Marionette	INFO	Listening on port 45053

(/usr/lib/firefox/firefox:2943): GLib-GObject-CRITICAL **: 12:54:46.891: g_object_set: assertion 'G_IS_OBJECT (object)' failed
1617022486894	Marionette	WARN	TLS certificate errors will be ignored for this session
1617022492730	geckodriver	INFO	Listening on 127.0.0.1:55159
1617022492734	mozrunner::runner	INFO	Running command: "/usr/bin/firefox" "--marionette" "-headless" "-foreground" "-no-remote" "-profile" "/tmp/rust_mozprofile4I1zs5"
*** You are running in headless mode.
[GFX1-]: glxtest: Unable to open a connection to the X server
[GFX1-]: glxtest: libEGL missing

(/usr/lib/firefox/firefox:3033): GLib-GObject-CRITICAL **: 12:54:53.388: g_object_set: assertion 'G_IS_OBJECT (object)' failed

(/usr/lib/firefox/firefox:3050): GLib-GObject-CRITICAL **: 12:54:53.487: g_object_set: assertion 'G_IS_OBJECT (object)' failed
console.warn: SearchSettings: "get: No settings file exists, new profile?" (new Error("", "(unknown module)"))
1617022494243	Marionette	INFO	Listening on port 44021
1617022494375	Marionette	WARN	TLS certificate errors will be ignored for this session

(/usr/lib/firefox/firefox:3110): GLib-GObject-CRITICAL **: 12:54:54.444: g_object_set: assertion 'G_IS_OBJECT (object)' failed
1617022497694	geckodriver	INFO	Listening on 127.0.0.1:36301
1617022497696	mozrunner::runner	INFO	Running command: "/usr/bin/firefox" "--marionette" "-headless" "-foreground" "-no-remote" "-profile" "/tmp/rust_mozprofile2LAKmw"
*** You are running in headless mode.
[GFX1-]: glxtest: Unable to open a connection to the X server
[GFX1-]: glxtest: libEGL missing

(/usr/lib/firefox/firefox:3198): GLib-GObject-CRITICAL **: 12:54:58.380: g_object_set: assertion 'G_IS_OBJECT (object)' failed

(/usr/lib/firefox/firefox:3218): GLib-GObject-CRITICAL **: 12:54:58.473: g_object_set: assertion 'G_IS_OBJECT (object)' failed
console.warn: SearchSettings: "get: No settings file exists, new profile?" (new Error("", "(unknown module)"))
1617022499418	Marionette	INFO	Listening on port 43291

(/usr/lib/firefox/firefox:3278): GLib-GObject-CRITICAL **: 12:54:59.439: g_object_set: assertion 'G_IS_OBJECT (object)' failed
1617022499522	Marionette	WARN	TLS certificate errors will be ignored for this session
1617022502773	geckodriver	INFO	Listening on 127.0.0.1:59297
1617022502776	mozrunner::runner	INFO	Running command: "/usr/bin/firefox" "--marionette" "-headless" "-foreground" "-no-remote" "-profile" "/tmp/rust_mozprofilenst8gK"
*** You are running in headless mode.
[GFX1-]: glxtest: Unable to open a connection to the X server
[GFX1-]: glxtest: libEGL missing

(/usr/lib/firefox/firefox:3374): GLib-GObject-CRITICAL **: 12:55:03.382: g_object_set: assertion 'G_IS_OBJECT (object)' failed

(/usr/lib/firefox/firefox:3393): GLib-GObject-CRITICAL **: 12:55:03.509: g_object_set: assertion 'G_IS_OBJECT (object)' failed
console.warn: SearchSettings: "get: No settings file exists, new profile?" (new Error("", "(unknown module)"))
1617022504381	Marionette	INFO	Listening on port 36849

(/usr/lib/firefox/firefox:3452): GLib-GObject-CRITICAL **: 12:55:04.512: g_object_set: assertion 'G_IS_OBJECT (object)' failed
1617022504520	Marionette	WARN	TLS certificate errors will be ignored for this session
1617022507875	geckodriver	INFO	Listening on 127.0.0.1:37473
1617022507879	mozrunner::runner	INFO	Running command: "/usr/bin/firefox" "--marionette" "-headless" "-foreground" "-no-remote" "-profile" "/tmp/rust_mozprofileRxEIAH"
*** You are running in headless mode.
[GFX1-]: glxtest: Unable to open a connection to the X server
[GFX1-]: glxtest: libEGL missing

(/usr/lib/firefox/firefox:3540): GLib-GObject-CRITICAL **: 12:55:08.649: g_object_set: assertion 'G_IS_OBJECT (object)' failed

(/usr/lib/firefox/firefox:3567): GLib-GObject-CRITICAL **: 12:55:08.766: g_object_set: assertion 'G_IS_OBJECT (object)' failed
console.warn: SearchSettings: "get: No settings file exists, new profile?" (new Error("", "(unknown module)"))
1617022509763	Marionette	INFO	Listening on port 43339

(/usr/lib/firefox/firefox:3619): GLib-GObject-CRITICAL **: 12:55:09.805: g_object_set: assertion 'G_IS_OBJECT (object)' failed
1617022509809	Marionette	WARN	TLS certificate errors will be ignored for this session
1617022515606	geckodriver	INFO	Listening on 127.0.0.1:40091
1617022515611	mozrunner::runner	INFO	Running command: "/usr/bin/firefox" "--marionette" "-headless" "-foreground" "-no-remote" "-profile" "/tmp/rust_mozprofile0HfiuD"
*** You are running in headless mode.
[GFX1-]: glxtest: Unable to open a connection to the X server
[GFX1-]: glxtest: libEGL missing

(/usr/lib/firefox/firefox:3714): GLib-GObject-CRITICAL **: 12:55:16.283: g_object_set: assertion 'G_IS_OBJECT (object)' failed

(/usr/lib/firefox/firefox:3731): GLib-GObject-CRITICAL **: 12:55:16.373: g_object_set: assertion 'G_IS_OBJECT (object)' failed
console.warn: SearchSettings: "get: No settings file exists, new profile?" (new Error("", "(unknown module)"))
1617022517324	Marionette	INFO	Listening on port 40567

(/usr/lib/firefox/firefox:3789): GLib-GObject-CRITICAL **: 12:55:17.368: g_object_set: assertion 'G_IS_OBJECT (object)' failed
1617022517437	Marionette	WARN	TLS certificate errors will be ignored for this session
1617022520711	geckodriver	INFO	Listening on 127.0.0.1:46519
1617022520715	mozrunner::runner	INFO	Running command: "/usr/bin/firefox" "--marionette" "-headless" "-foreground" "-no-remote" "-profile" "/tmp/rust_mozprofileKZdOoF"
*** You are running in headless mode.
[GFX1-]: glxtest: Unable to open a connection to the X server
[GFX1-]: glxtest: libEGL missing

(/usr/lib/firefox/firefox:3870): GLib-GObject-CRITICAL **: 12:55:21.382: g_object_set: assertion 'G_IS_OBJECT (object)' failed

(/usr/lib/firefox/firefox:3889): GLib-GObject-CRITICAL **: 12:55:21.508: g_object_set: assertion 'G_IS_OBJECT (object)' failed
console.warn: SearchSettings: "get: No settings file exists, new profile?" (new Error("", "(unknown module)"))
1617022522418	Marionette	INFO	Listening on port 33719
1617022522448	Marionette	WARN	TLS certificate errors will be ignored for this session

(/usr/lib/firefox/firefox:3951): GLib-GObject-CRITICAL **: 12:55:22.478: g_object_set: assertion 'G_IS_OBJECT (object)' failed
1617022525895	geckodriver	INFO	Listening on 127.0.0.1:46019
1617022526899	mozrunner::runner	INFO	Running command: "/usr/bin/firefox" "--marionette" "-headless" "-foreground" "-no-remote" "-profile" "/tmp/rust_mozprofileS4F0MH"
*** You are running in headless mode.
[GFX1-]: glxtest: Unable to open a connection to the X server
[GFX1-]: glxtest: libEGL missing

(/usr/lib/firefox/firefox:4038): GLib-GObject-CRITICAL **: 12:55:27.639: g_object_set: assertion 'G_IS_OBJECT (object)' failed

(/usr/lib/firefox/firefox:4057): GLib-GObject-CRITICAL **: 12:55:27.722: g_object_set: assertion 'G_IS_OBJECT (object)' failed
console.warn: SearchSettings: "get: No settings file exists, new profile?" (new Error("", "(unknown module)"))
1617022528662	Marionette	INFO	Listening on port 43347

(/usr/lib/firefox/firefox:4118): GLib-GObject-CRITICAL **: 12:55:28.716: g_object_set: assertion 'G_IS_OBJECT (object)' failed
1617022528730	Marionette	WARN	TLS certificate errors will be ignored for this session
1617022532153	geckodriver	INFO	Listening on 127.0.0.1:60095
1617022532158	mozrunner::runner	INFO	Running command: "/usr/bin/firefox" "--marionette" "-headless" "-foreground" "-no-remote" "-profile" "/tmp/rust_mozprofileKNF4Iq"
*** You are running in headless mode.
[GFX1-]: glxtest: Unable to open a connection to the X server
[GFX1-]: glxtest: libEGL missing

(/usr/lib/firefox/firefox:4211): GLib-GObject-CRITICAL **: 12:55:32.913: g_object_set: assertion 'G_IS_OBJECT (object)' failed

(/usr/lib/firefox/firefox:4223): GLib-GObject-CRITICAL **: 12:55:32.952: g_object_set: assertion 'G_IS_OBJECT (object)' failed
console.warn: SearchSettings: "get: No settings file exists, new profile?" (new Error("", "(unknown module)"))
1617022533849	Marionette	INFO	Listening on port 34527
1617022534281	Marionette	WARN	TLS certificate errors will be ignored for this session

(/usr/lib/firefox/firefox:4307): GLib-GObject-CRITICAL **: 12:55:34.324: g_object_set: assertion 'G_IS_OBJECT (object)' failed
1617022748768	geckodriver	INFO	Listening on 127.0.0.1:50865
1617022749781	mozrunner::runner	INFO	Running command: "/usr/bin/firefox" "--marionette" "-headless" "-foreground" "-no-remote" "-profile" "/tmp/rust_mozprofilePEvL7w"
*** You are running in headless mode.
[GFX1-]: glxtest: Unable to open a connection to the X server
[GFX1-]: glxtest: libEGL missing

(/usr/lib/firefox/firefox:1706): GLib-GObject-CRITICAL **: 12:59:14.264: g_object_set: assertion 'G_IS_OBJECT (object)' failed

(/usr/lib/firefox/firefox:1729): GLib-GObject-CRITICAL **: 12:59:14.485: g_object_set: assertion 'G_IS_OBJECT (object)' failed
console.warn: SearchSettings: "get: No settings file exists, new profile?" (new Error("", "(unknown module)"))

(/usr/lib/firefox/firefox:1792): GLib-GObject-CRITICAL **: 12:59:16.325: g_object_set: assertion 'G_IS_OBJECT (object)' failed

(/usr/lib/firefox/firefox:1791): GLib-GObject-CRITICAL **: 12:59:16.384: g_object_set: assertion 'G_IS_OBJECT (object)' failed
1617022756437	Marionette	INFO	Listening on port 35053
1617022756548	Marionette	WARN	TLS certificate errors will be ignored for this session
1617022763527	geckodriver	INFO	Listening on 127.0.0.1:57637
1617022763531	mozrunner::runner	INFO	Running command: "/usr/bin/firefox" "--marionette" "-headless" "-foreground" "-no-remote" "-profile" "/tmp/rust_mozprofileHjqIce"
*** You are running in headless mode.
[GFX1-]: glxtest: Unable to open a connection to the X server
[GFX1-]: glxtest: libEGL missing

(/usr/lib/firefox/firefox:1887): GLib-GObject-CRITICAL **: 12:59:24.495: g_object_set: assertion 'G_IS_OBJECT (object)' failed

(/usr/lib/firefox/firefox:1906): GLib-GObject-CRITICAL **: 12:59:24.626: g_object_set: assertion 'G_IS_OBJECT (object)' failed
console.warn: SearchSettings: "get: No settings file exists, new profile?" (new Error("", "(unknown module)"))
1617022765897	Marionette	INFO	Listening on port 34055

(/usr/lib/firefox/firefox:1967): GLib-GObject-CRITICAL **: 12:59:25.907: g_object_set: assertion 'G_IS_OBJECT (object)' failed
1617022765981	Marionette	WARN	TLS certificate errors will be ignored for this session
1617022772163	geckodriver	INFO	Listening on 127.0.0.1:48059
1617022772167	mozrunner::runner	INFO	Running command: "/usr/bin/firefox" "--marionette" "-headless" "-foreground" "-no-remote" "-profile" "/tmp/rust_mozprofile7XMJyn"
*** You are running in headless mode.
[GFX1-]: glxtest: Unable to open a connection to the X server
[GFX1-]: glxtest: libEGL missing

(/usr/lib/firefox/firefox:2047): GLib-GObject-CRITICAL **: 12:59:33.095: g_object_set: assertion 'G_IS_OBJECT (object)' failed

(/usr/lib/firefox/firefox:2066): GLib-GObject-CRITICAL **: 12:59:33.199: g_object_set: assertion 'G_IS_OBJECT (object)' failed
console.warn: SearchSettings: "get: No settings file exists, new profile?" (new Error("", "(unknown module)"))

(/usr/lib/firefox/firefox:2121): GLib-GObject-CRITICAL **: 12:59:34.498: g_object_set: assertion 'G_IS_OBJECT (object)' failed
1617022774547	Marionette	INFO	Listening on port 41233
1617022774611	Marionette	WARN	TLS certificate errors will be ignored for this session
1617022780770	geckodriver	INFO	Listening on 127.0.0.1:50651
1617022780774	mozrunner::runner	INFO	Running command: "/usr/bin/firefox" "--marionette" "-headless" "-foreground" "-no-remote" "-profile" "/tmp/rust_mozprofilemePOf1"
*** You are running in headless mode.
[GFX1-]: glxtest: Unable to open a connection to the X server
[GFX1-]: glxtest: libEGL missing

(/usr/lib/firefox/firefox:2201): GLib-GObject-CRITICAL **: 12:59:41.714: g_object_set: assertion 'G_IS_OBJECT (object)' failed

(/usr/lib/firefox/firefox:2220): GLib-GObject-CRITICAL **: 12:59:41.830: g_object_set: assertion 'G_IS_OBJECT (object)' failed
console.warn: SearchSettings: "get: No settings file exists, new profile?" (new Error("", "(unknown module)"))

(/usr/lib/firefox/firefox:2280): GLib-GObject-CRITICAL **: 12:59:43.092: g_object_set: assertion 'G_IS_OBJECT (object)' failed
1617022783158	Marionette	INFO	Listening on port 43667
1617022783222	Marionette	WARN	TLS certificate errors will be ignored for this session
1617022788525	Marionette	INFO	Stopped listening on port 43667
1617022789130	geckodriver	INFO	Listening on 127.0.0.1:59297
1617022789134	mozrunner::runner	INFO	Running command: "/usr/bin/firefox" "--marionette" "-headless" "-foreground" "-no-remote" "-profile" "/tmp/rust_mozprofileBnMNuq"
*** You are running in headless mode.
[GFX1-]: glxtest: Unable to open a connection to the X server
[GFX1-]: glxtest: libEGL missing

(/usr/lib/firefox/firefox:2362): GLib-GObject-CRITICAL **: 12:59:50.031: g_object_set: assertion 'G_IS_OBJECT (object)' failed

(/usr/lib/firefox/firefox:2381): GLib-GObject-CRITICAL **: 12:59:50.150: g_object_set: assertion 'G_IS_OBJECT (object)' failed
console.warn: SearchSettings: "get: No settings file exists, new profile?" (new Error("", "(unknown module)"))

(/usr/lib/firefox/firefox:2432): GLib-GObject-CRITICAL **: 12:59:51.446: g_object_set: assertion 'G_IS_OBJECT (object)' failed
1617022791462	Marionette	INFO	Listening on port 35381
1617022791572	Marionette	WARN	TLS certificate errors will be ignored for this session
1617023067117	geckodriver	INFO	Listening on 127.0.0.1:43615
1617023068125	mozrunner::runner	INFO	Running command: "/usr/bin/firefox" "--marionette" "-headless" "-foreground" "-no-remote" "-profile" "/tmp/rust_mozprofilebzQUK8"
*** You are running in headless mode.
[GFX1-]: glxtest: Unable to open a connection to the X server
[GFX1-]: glxtest: libEGL missing

(/usr/lib/firefox/firefox:1665): GLib-GObject-CRITICAL **: 13:04:29.754: g_object_set: assertion 'G_IS_OBJECT (object)' failed

(/usr/lib/firefox/firefox:1684): GLib-GObject-CRITICAL **: 13:04:29.884: g_object_set: assertion 'G_IS_OBJECT (object)' failed
console.warn: SearchSettings: "get: No settings file exists, new profile?" (new Error("", "(unknown module)"))
1617023071146	Marionette	INFO	Listening on port 42197

(/usr/lib/firefox/firefox:1744): GLib-GObject-CRITICAL **: 13:04:31.217: g_object_set: assertion 'G_IS_OBJECT (object)' failed
1617023071262	Marionette	WARN	TLS certificate errors will be ignored for this session
1617023075819	Marionette	INFO	Stopped listening on port 42197

###!!! [Child][RunMessage] Error: Channel closing: too late to send/recv, messages will be lost

1617023076425	geckodriver	INFO	Listening on 127.0.0.1:51663
1617023076430	mozrunner::runner	INFO	Running command: "/usr/bin/firefox" "--marionette" "-headless" "-foreground" "-no-remote" "-profile" "/tmp/rust_mozprofileMjM4eX"
*** You are running in headless mode.
[GFX1-]: glxtest: Unable to open a connection to the X server
[GFX1-]: glxtest: libEGL missing

(/usr/lib/firefox/firefox:1831): GLib-GObject-CRITICAL **: 13:04:37.279: g_object_set: assertion 'G_IS_OBJECT (object)' failed

(/usr/lib/firefox/firefox:1851): GLib-GObject-CRITICAL **: 13:04:37.392: g_object_set: assertion 'G_IS_OBJECT (object)' failed
console.warn: SearchSettings: "get: No settings file exists, new profile?" (new Error("", "(unknown module)"))
1617023078445	Marionette	INFO	Listening on port 39673

(/usr/lib/firefox/firefox:1910): GLib-GObject-CRITICAL **: 13:04:38.480: g_object_set: assertion 'G_IS_OBJECT (object)' failed
1617023078572	Marionette	WARN	TLS certificate errors will be ignored for this session
1617023082195	geckodriver	INFO	Listening on 127.0.0.1:40085
1617023082199	mozrunner::runner	INFO	Running command: "/usr/bin/firefox" "--marionette" "-headless" "-foreground" "-no-remote" "-profile" "/tmp/rust_mozprofileW0YweD"
*** You are running in headless mode.
[GFX1-]: glxtest: Unable to open a connection to the X server
[GFX1-]: glxtest: libEGL missing

(/usr/lib/firefox/firefox:1989): GLib-GObject-CRITICAL **: 13:04:43.056: g_object_set: assertion 'G_IS_OBJECT (object)' failed

(/usr/lib/firefox/firefox:2008): GLib-GObject-CRITICAL **: 13:04:43.180: g_object_set: assertion 'G_IS_OBJECT (object)' failed
console.warn: SearchSettings: "get: No settings file exists, new profile?" (new Error("", "(unknown module)"))
1617023084184	Marionette	INFO	Listening on port 41699

(/usr/lib/firefox/firefox:2071): GLib-GObject-CRITICAL **: 13:04:44.252: g_object_set: assertion 'G_IS_OBJECT (object)' failed
1617023084255	Marionette	WARN	TLS certificate errors will be ignored for this session
1617023090488	geckodriver	INFO	Listening on 127.0.0.1:41735
1617023090492	mozrunner::runner	INFO	Running command: "/usr/bin/firefox" "--marionette" "-headless" "-foreground" "-no-remote" "-profile" "/tmp/rust_mozprofileQO138w"
*** You are running in headless mode.
[GFX1-]: glxtest: Unable to open a connection to the X server
[GFX1-]: glxtest: libEGL missing

(/usr/lib/firefox/firefox:2152): GLib-GObject-CRITICAL **: 13:04:51.338: g_object_set: assertion 'G_IS_OBJECT (object)' failed

(/usr/lib/firefox/firefox:2168): GLib-GObject-CRITICAL **: 13:04:51.455: g_object_set: assertion 'G_IS_OBJECT (object)' failed
console.warn: SearchSettings: "get: No settings file exists, new profile?" (new Error("", "(unknown module)"))
1617023092474	Marionette	INFO	Listening on port 40399

(/usr/lib/firefox/firefox:2230): GLib-GObject-CRITICAL **: 13:04:52.552: g_object_set: assertion 'G_IS_OBJECT (object)' failed
1617023092556	Marionette	WARN	TLS certificate errors will be ignored for this session
1617023097124	Marionette	INFO	Stopped listening on port 40399
1617023097703	geckodriver	INFO	Listening on 127.0.0.1:38359
1617023097707	mozrunner::runner	INFO	Running command: "/usr/bin/firefox" "--marionette" "-headless" "-foreground" "-no-remote" "-profile" "/tmp/rust_mozprofilecVhHOW"
*** You are running in headless mode.
[GFX1-]: glxtest: Unable to open a connection to the X server
[GFX1-]: glxtest: libEGL missing

(/usr/lib/firefox/firefox:2315): GLib-GObject-CRITICAL **: 13:04:58.565: g_object_set: assertion 'G_IS_OBJECT (object)' failed

(/usr/lib/firefox/firefox:2336): GLib-GObject-CRITICAL **: 13:04:58.689: g_object_set: assertion 'G_IS_OBJECT (object)' failed
console.warn: SearchSettings: "get: No settings file exists, new profile?" (new Error("", "(unknown module)"))

(/usr/lib/firefox/firefox:2399): GLib-GObject-CRITICAL **: 13:04:59.982: g_object_set: assertion 'G_IS_OBJECT (object)' failed
1617023100020	Marionette	INFO	Listening on port 43007
1617023100144	Marionette	WARN	TLS certificate errors will be ignored for this session
1617023103708	geckodriver	INFO	Listening on 127.0.0.1:39379
1617023103712	mozrunner::runner	INFO	Running command: "/usr/bin/firefox" "--marionette" "-headless" "-foreground" "-no-remote" "-profile" "/tmp/rust_mozprofile0izCmD"
*** You are running in headless mode.
[GFX1-]: glxtest: Unable to open a connection to the X server
[GFX1-]: glxtest: libEGL missing

(/usr/lib/firefox/firefox:2488): GLib-GObject-CRITICAL **: 13:05:04.606: g_object_set: assertion 'G_IS_OBJECT (object)' failed

(/usr/lib/firefox/firefox:2504): GLib-GObject-CRITICAL **: 13:05:04.704: g_object_set: assertion 'G_IS_OBJECT (object)' failed
console.warn: SearchSettings: "get: No settings file exists, new profile?" (new Error("", "(unknown module)"))
1617023105906	Marionette	INFO	Listening on port 41707

(/usr/lib/firefox/firefox:2570): GLib-GObject-CRITICAL **: 13:05:05.952: g_object_set: assertion 'G_IS_OBJECT (object)' failed
1617023105955	Marionette	WARN	TLS certificate errors will be ignored for this session
1617023160267	geckodriver	INFO	Listening on 127.0.0.1:46199
1617023161277	mozrunner::runner	INFO	Running command: "/usr/bin/firefox" "--marionette" "-headless" "-foreground" "-no-remote" "-profile" "/tmp/rust_mozprofilellgjS5"
*** You are running in headless mode.
[GFX1-]: glxtest: Unable to open a connection to the X server
[GFX1-]: glxtest: libEGL missing

(/usr/lib/firefox/firefox:1984): GLib-GObject-CRITICAL **: 13:06:02.759: g_object_set: assertion 'G_IS_OBJECT (object)' failed

(/usr/lib/firefox/firefox:2003): GLib-GObject-CRITICAL **: 13:06:02.862: g_object_set: assertion 'G_IS_OBJECT (object)' failed
console.warn: SearchSettings: "get: No settings file exists, new profile?" (new Error("", "(unknown module)"))
1617023163940	Marionette	INFO	Listening on port 46525

(/usr/lib/firefox/firefox:2067): GLib-GObject-CRITICAL **: 13:06:03.996: g_object_set: assertion 'G_IS_OBJECT (object)' failed
1617023164015	Marionette	WARN	TLS certificate errors will be ignored for this session
1617023170152	geckodriver	INFO	Listening on 127.0.0.1:47367
1617023170156	mozrunner::runner	INFO	Running command: "/usr/bin/firefox" "--marionette" "-headless" "-foreground" "-no-remote" "-profile" "/tmp/rust_mozprofileKgVEo6"
*** You are running in headless mode.
[GFX1-]: glxtest: Unable to open a connection to the X server
[GFX1-]: glxtest: libEGL missing

(/usr/lib/firefox/firefox:2143): GLib-GObject-CRITICAL **: 13:06:10.963: g_object_set: assertion 'G_IS_OBJECT (object)' failed

(/usr/lib/firefox/firefox:2162): GLib-GObject-CRITICAL **: 13:06:11.075: g_object_set: assertion 'G_IS_OBJECT (object)' failed
console.warn: SearchSettings: "get: No settings file exists, new profile?" (new Error("", "(unknown module)"))
1617023172013	Marionette	INFO	Listening on port 37791

(/usr/lib/firefox/firefox:2216): GLib-GObject-CRITICAL **: 13:06:12.059: g_object_set: assertion 'G_IS_OBJECT (object)' failed
1617023172085	Marionette	WARN	TLS certificate errors will be ignored for this session
1617023177964	geckodriver	INFO	Listening on 127.0.0.1:45201
1617023177968	mozrunner::runner	INFO	Running command: "/usr/bin/firefox" "--marionette" "-headless" "-foreground" "-no-remote" "-profile" "/tmp/rust_mozprofilezOXTQr"
*** You are running in headless mode.
[GFX1-]: glxtest: Unable to open a connection to the X server
[GFX1-]: glxtest: libEGL missing

(/usr/lib/firefox/firefox:2304): GLib-GObject-CRITICAL **: 13:06:18.795: g_object_set: assertion 'G_IS_OBJECT (object)' failed

(/usr/lib/firefox/firefox:2323): GLib-GObject-CRITICAL **: 13:06:18.904: g_object_set: assertion 'G_IS_OBJECT (object)' failed
console.warn: SearchSettings: "get: No settings file exists, new profile?" (new Error("", "(unknown module)"))
1617023179849	Marionette	INFO	Listening on port 41405
1617023179899	Marionette	WARN	TLS certificate errors will be ignored for this session

(/usr/lib/firefox/firefox:2381): GLib-GObject-CRITICAL **: 13:06:19.917: g_object_set: assertion 'G_IS_OBJECT (object)' failed
1617023184574	Marionette	INFO	Stopped listening on port 41405

###!!! [Parent][RunMessage] Error: Channel closing: too late to send/recv, messages will be lost

1617023185157	geckodriver	INFO	Listening on 127.0.0.1:57917
1617023185161	mozrunner::runner	INFO	Running command: "/usr/bin/firefox" "--marionette" "-headless" "-foreground" "-no-remote" "-profile" "/tmp/rust_mozprofilevsPDQX"
*** You are running in headless mode.
[GFX1-]: glxtest: Unable to open a connection to the X server
[GFX1-]: glxtest: libEGL missing

(/usr/lib/firefox/firefox:2473): GLib-GObject-CRITICAL **: 13:06:26.000: g_object_set: assertion 'G_IS_OBJECT (object)' failed

(/usr/lib/firefox/firefox:2489): GLib-GObject-CRITICAL **: 13:06:26.100: g_object_set: assertion 'G_IS_OBJECT (object)' failed
console.warn: SearchSettings: "get: No settings file exists, new profile?" (new Error("", "(unknown module)"))
1617023187169	Marionette	INFO	Listening on port 43735

(/usr/lib/firefox/firefox:2554): GLib-GObject-CRITICAL **: 13:06:27.203: g_object_set: assertion 'G_IS_OBJECT (object)' failed
1617023187305	Marionette	WARN	TLS certificate errors will be ignored for this session
1617023192042	Marionette	INFO	Stopped listening on port 43735
1617023240395	geckodriver	INFO	Listening on 127.0.0.1:46949
1617023241404	mozrunner::runner	INFO	Running command: "/usr/bin/firefox" "--marionette" "-headless" "-foreground" "-no-remote" "-profile" "/tmp/rust_mozprofilepuSjtU"
*** You are running in headless mode.
[GFX1-]: glxtest: Unable to open a connection to the X server
[GFX1-]: glxtest: libEGL missing

(/usr/lib/firefox/firefox:1684): GLib-GObject-CRITICAL **: 13:07:22.931: g_object_set: assertion 'G_IS_OBJECT (object)' failed

(/usr/lib/firefox/firefox:1704): GLib-GObject-CRITICAL **: 13:07:23.050: g_object_set: assertion 'G_IS_OBJECT (object)' failed
console.warn: SearchSettings: "get: No settings file exists, new profile?" (new Error("", "(unknown module)"))
1617023244205	Marionette	INFO	Listening on port 36829
1617023244244	Marionette	WARN	TLS certificate errors will be ignored for this session

(/usr/lib/firefox/firefox:1762): GLib-GObject-CRITICAL **: 13:07:24.296: g_object_set: assertion 'G_IS_OBJECT (object)' failed
1617023247769	geckodriver	INFO	Listening on 127.0.0.1:37605
1617023247773	mozrunner::runner	INFO	Running command: "/usr/bin/firefox" "--marionette" "-headless" "-foreground" "-no-remote" "-profile" "/tmp/rust_mozprofile6XBPps"
*** You are running in headless mode.
[GFX1-]: glxtest: Unable to open a connection to the X server
[GFX1-]: glxtest: libEGL missing

(/usr/lib/firefox/firefox:1842): GLib-GObject-CRITICAL **: 13:07:28.598: g_object_set: assertion 'G_IS_OBJECT (object)' failed

(/usr/lib/firefox/firefox:1861): GLib-GObject-CRITICAL **: 13:07:28.705: g_object_set: assertion 'G_IS_OBJECT (object)' failed
console.warn: SearchSettings: "get: No settings file exists, new profile?" (new Error("", "(unknown module)"))
1617023249805	Marionette	INFO	Listening on port 46753

(/usr/lib/firefox/firefox:1924): GLib-GObject-CRITICAL **: 13:07:29.870: g_object_set: assertion 'G_IS_OBJECT (object)' failed
1617023249912	Marionette	WARN	TLS certificate errors will be ignored for this session
1617023254181	Marionette	INFO	Stopped listening on port 46753
1617023254754	geckodriver	INFO	Listening on 127.0.0.1:39395
1617023254758	mozrunner::runner	INFO	Running command: "/usr/bin/firefox" "--marionette" "-headless" "-foreground" "-no-remote" "-profile" "/tmp/rust_mozprofileLDquFO"
*** You are running in headless mode.
[GFX1-]: glxtest: Unable to open a connection to the X server
[GFX1-]: glxtest: libEGL missing

(/usr/lib/firefox/firefox:2008): GLib-GObject-CRITICAL **: 13:07:35.661: g_object_set: assertion 'G_IS_OBJECT (object)' failed

(/usr/lib/firefox/firefox:2028): GLib-GObject-CRITICAL **: 13:07:35.761: g_object_set: assertion 'G_IS_OBJECT (object)' failed
console.warn: SearchSettings: "get: No settings file exists, new profile?" (new Error("", "(unknown module)"))
1617023256928	Marionette	INFO	Listening on port 37473

(/usr/lib/firefox/firefox:2091): GLib-GObject-CRITICAL **: 13:07:36.939: g_object_set: assertion 'G_IS_OBJECT (object)' failed
1617023256989	Marionette	WARN	TLS certificate errors will be ignored for this session
1617023260470	geckodriver	INFO	Listening on 127.0.0.1:59295
1617023260475	mozrunner::runner	INFO	Running command: "/usr/bin/firefox" "--marionette" "-headless" "-foreground" "-no-remote" "-profile" "/tmp/rust_mozprofilej0Lm2Y"
*** You are running in headless mode.
[GFX1-]: glxtest: Unable to open a connection to the X server
[GFX1-]: glxtest: libEGL missing

(/usr/lib/firefox/firefox:2167): GLib-GObject-CRITICAL **: 13:07:41.306: g_object_set: assertion 'G_IS_OBJECT (object)' failed

(/usr/lib/firefox/firefox:2186): GLib-GObject-CRITICAL **: 13:07:41.403: g_object_set: assertion 'G_IS_OBJECT (object)' failed
console.warn: SearchSettings: "get: No settings file exists, new profile?" (new Error("", "(unknown module)"))
1617023262308	Marionette	INFO	Listening on port 39397

(/usr/lib/firefox/firefox:2243): GLib-GObject-CRITICAL **: 13:07:42.401: g_object_set: assertion 'G_IS_OBJECT (object)' failed
1617023262419	Marionette	WARN	TLS certificate errors will be ignored for this session
1617023262451	geckodriver	INFO	Listening on 127.0.0.1:59115
1617023263456	mozrunner::runner	INFO	Running command: "/usr/bin/firefox" "--marionette" "-headless" "-foreground" "-no-remote" "-profile" "/tmp/rust_mozprofilezcElgA"
*** You are running in headless mode.
[GFX1-]: glxtest: Unable to open a connection to the X server
[GFX1-]: glxtest: libEGL missing

(/usr/lib/firefox/firefox:2309): GLib-GObject-CRITICAL **: 13:07:44.237: g_object_set: assertion 'G_IS_OBJECT (object)' failed

(/usr/lib/firefox/firefox:2328): GLib-GObject-CRITICAL **: 13:07:44.342: g_object_set: assertion 'G_IS_OBJECT (object)' failed
console.warn: SearchSettings: "get: No settings file exists, new profile?" (new Error("", "(unknown module)"))
1617023265465	Marionette	INFO	Listening on port 36237

(/usr/lib/firefox/firefox:2397): GLib-GObject-CRITICAL **: 13:07:45.499: g_object_set: assertion 'G_IS_OBJECT (object)' failed
1617023265611	Marionette	WARN	TLS certificate errors will be ignored for this session
1617023265638	geckodriver	INFO	Listening on 127.0.0.1:55853
1617023265642	mozrunner::runner	INFO	Running command: "/usr/bin/firefox" "--marionette" "-headless" "-foreground" "-no-remote" "-profile" "/tmp/rust_mozprofileIrhTtI"
*** You are running in headless mode.
[GFX1-]: glxtest: Unable to open a connection to the X server
[GFX1-]: glxtest: libEGL missing

(/usr/lib/firefox/firefox:2457): GLib-GObject-CRITICAL **: 13:07:46.446: g_object_set: assertion 'G_IS_OBJECT (object)' failed

(/usr/lib/firefox/firefox:2476): GLib-GObject-CRITICAL **: 13:07:46.598: g_object_set: assertion 'G_IS_OBJECT (object)' failed
console.warn: SearchSettings: "get: No settings file exists, new profile?" (new Error("", "(unknown module)"))

(/usr/lib/firefox/firefox:2530): GLib-GObject-CRITICAL **: 13:07:48.758: g_object_set: assertion 'G_IS_OBJECT (object)' failed
1617023268814	Marionette	INFO	Listening on port 33505
1617023268875	Marionette	WARN	TLS certificate errors will be ignored for this session
1617023272274	geckodriver	INFO	Listening on 127.0.0.1:54575
1617023272278	mozrunner::runner	INFO	Running command: "/usr/bin/firefox" "--marionette" "-headless" "-foreground" "-no-remote" "-profile" "/tmp/rust_mozprofileNerw57"
*** You are running in headless mode.
[GFX1-]: glxtest: Unable to open a connection to the X server
[GFX1-]: glxtest: libEGL missing

(/usr/lib/firefox/firefox:2608): GLib-GObject-CRITICAL **: 13:07:53.054: g_object_set: assertion 'G_IS_OBJECT (object)' failed

(/usr/lib/firefox/firefox:2627): GLib-GObject-CRITICAL **: 13:07:53.187: g_object_set: assertion 'G_IS_OBJECT (object)' failed
console.warn: SearchSettings: "get: No settings file exists, new profile?" (new Error("", "(unknown module)"))
1617023274170	Marionette	INFO	Listening on port 45751
1617023274215	Marionette	WARN	TLS certificate errors will be ignored for this session

(/usr/lib/firefox/firefox:2686): GLib-GObject-CRITICAL **: 13:07:54.218: g_object_set: assertion 'G_IS_OBJECT (object)' failed
1617023274246	geckodriver	INFO	Listening on 127.0.0.1:58321
1617023275250	mozrunner::runner	INFO	Running command: "/usr/bin/firefox" "--marionette" "-headless" "-foreground" "-no-remote" "-profile" "/tmp/rust_mozprofilee7uVsD"
*** You are running in headless mode.
[GFX1-]: glxtest: Unable to open a connection to the X server
[GFX1-]: glxtest: libEGL missing

(/usr/lib/firefox/firefox:2753): GLib-GObject-CRITICAL **: 13:07:56.088: g_object_set: assertion 'G_IS_OBJECT (object)' failed

(/usr/lib/firefox/firefox:2772): GLib-GObject-CRITICAL **: 13:07:56.203: g_object_set: assertion 'G_IS_OBJECT (object)' failed
console.warn: SearchSettings: "get: No settings file exists, new profile?" (new Error("", "(unknown module)"))
1617023277270	Marionette	INFO	Listening on port 45467

(/usr/lib/firefox/firefox:2834): GLib-GObject-CRITICAL **: 13:07:57.322: g_object_set: assertion 'G_IS_OBJECT (object)' failed
1617023277391	Marionette	WARN	TLS certificate errors will be ignored for this session
1617023277440	geckodriver	INFO	Listening on 127.0.0.1:48691
1617023278445	mozrunner::runner	INFO	Running command: "/usr/bin/firefox" "--marionette" "-headless" "-foreground" "-no-remote" "-profile" "/tmp/rust_mozprofileAMFdeW"
*** You are running in headless mode.
[GFX1-]: glxtest: Unable to open a connection to the X server
[GFX1-]: glxtest: libEGL missing

(/usr/lib/firefox/firefox:2900): GLib-GObject-CRITICAL **: 13:07:59.337: g_object_set: assertion 'G_IS_OBJECT (object)' failed

(/usr/lib/firefox/firefox:2919): GLib-GObject-CRITICAL **: 13:07:59.463: g_object_set: assertion 'G_IS_OBJECT (object)' failed
console.warn: SearchSettings: "get: No settings file exists, new profile?" (new Error("", "(unknown module)"))
1617023280539	Marionette	INFO	Listening on port 35145
1617023280584	Marionette	WARN	TLS certificate errors will be ignored for this session

(/usr/lib/firefox/firefox:2985): GLib-GObject-CRITICAL **: 13:08:00.603: g_object_set: assertion 'G_IS_OBJECT (object)' failed
1617023286270	geckodriver	INFO	Listening on 127.0.0.1:47433
1617023287276	mozrunner::runner	INFO	Running command: "/usr/bin/firefox" "--marionette" "-headless" "-foreground" "-no-remote" "-profile" "/tmp/rust_mozprofileoCpTRc"
*** You are running in headless mode.
[GFX1-]: glxtest: Unable to open a connection to the X server
[GFX1-]: glxtest: libEGL missing

(/usr/lib/firefox/firefox:3073): GLib-GObject-CRITICAL **: 13:08:08.087: g_object_set: assertion 'G_IS_OBJECT (object)' failed

(/usr/lib/firefox/firefox:3092): GLib-GObject-CRITICAL **: 13:08:08.186: g_object_set: assertion 'G_IS_OBJECT (object)' failed
console.warn: SearchSettings: "get: No settings file exists, new profile?" (new Error("", "(unknown module)"))
1617023289266	Marionette	INFO	Listening on port 37561

(/usr/lib/firefox/firefox:3153): GLib-GObject-CRITICAL **: 13:08:09.278: g_object_set: assertion 'G_IS_OBJECT (object)' failed
1617023289309	Marionette	WARN	TLS certificate errors will be ignored for this session
1617023292646	geckodriver	INFO	Listening on 127.0.0.1:48355
1617023292650	mozrunner::runner	INFO	Running command: "/usr/bin/firefox" "--marionette" "-headless" "-foreground" "-no-remote" "-profile" "/tmp/rust_mozprofileb8E8wu"
*** You are running in headless mode.
[GFX1-]: glxtest: Unable to open a connection to the X server
[GFX1-]: glxtest: libEGL missing

(/usr/lib/firefox/firefox:3236): GLib-GObject-CRITICAL **: 13:08:13.570: g_object_set: assertion 'G_IS_OBJECT (object)' failed

(/usr/lib/firefox/firefox:3254): GLib-GObject-CRITICAL **: 13:08:13.664: g_object_set: assertion 'G_IS_OBJECT (object)' failed
console.warn: SearchSettings: "get: No settings file exists, new profile?" (new Error("", "(unknown module)"))
1617023294654	Marionette	INFO	Listening on port 43421
1617023294685	Marionette	WARN	TLS certificate errors will be ignored for this session

(/usr/lib/firefox/firefox:3321): GLib-GObject-CRITICAL **: 13:08:14.767: g_object_set: assertion 'G_IS_OBJECT (object)' failed
1617023298005	geckodriver	INFO	Listening on 127.0.0.1:38863
1617023298008	mozrunner::runner	INFO	Running command: "/usr/bin/firefox" "--marionette" "-headless" "-foreground" "-no-remote" "-profile" "/tmp/rust_mozprofile5RdeSt"
*** You are running in headless mode.
[GFX1-]: glxtest: Unable to open a connection to the X server
[GFX1-]: glxtest: libEGL missing

(/usr/lib/firefox/firefox:3413): GLib-GObject-CRITICAL **: 13:08:18.801: g_object_set: assertion 'G_IS_OBJECT (object)' failed

(/usr/lib/firefox/firefox:3432): GLib-GObject-CRITICAL **: 13:08:18.939: g_object_set: assertion 'G_IS_OBJECT (object)' failed
console.warn: SearchSettings: "get: No settings file exists, new profile?" (new Error("", "(unknown module)"))

(/usr/lib/firefox/firefox:3504): GLib-GObject-CRITICAL **: 13:08:20.072: g_object_set: assertion 'G_IS_OBJECT (object)' failed
1617023300089	Marionette	INFO	Listening on port 46497
1617023300148	Marionette	WARN	TLS certificate errors will be ignored for this session
1617023303485	geckodriver	INFO	Listening on 127.0.0.1:57789
1617023303489	mozrunner::runner	INFO	Running command: "/usr/bin/firefox" "--marionette" "-headless" "-foreground" "-no-remote" "-profile" "/tmp/rust_mozprofileEZ4HdH"
*** You are running in headless mode.
[GFX1-]: glxtest: Unable to open a connection to the X server
[GFX1-]: glxtest: libEGL missing

(/usr/lib/firefox/firefox:3601): GLib-GObject-CRITICAL **: 13:08:24.341: g_object_set: assertion 'G_IS_OBJECT (object)' failed

(/usr/lib/firefox/firefox:3626): GLib-GObject-CRITICAL **: 13:08:24.455: g_object_set: assertion 'G_IS_OBJECT (object)' failed
console.warn: SearchSettings: "get: No settings file exists, new profile?" (new Error("", "(unknown module)"))
1617023305643	Marionette	INFO	Listening on port 46577

(/usr/lib/firefox/firefox:3686): GLib-GObject-CRITICAL **: 13:08:25.684: g_object_set: assertion 'G_IS_OBJECT (object)' failed
1617023305724	Marionette	WARN	TLS certificate errors will be ignored for this session
1617023309376	geckodriver	INFO	Listening on 127.0.0.1:42355
1617023309380	mozrunner::runner	INFO	Running command: "/usr/bin/firefox" "--marionette" "-headless" "-foreground" "-no-remote" "-profile" "/tmp/rust_mozprofile2avT2T"
*** You are running in headless mode.
[GFX1-]: glxtest: Unable to open a connection to the X server
[GFX1-]: glxtest: libEGL missing

(/usr/lib/firefox/firefox:3769): GLib-GObject-CRITICAL **: 13:08:30.193: g_object_set: assertion 'G_IS_OBJECT (object)' failed

(/usr/lib/firefox/firefox:3788): GLib-GObject-CRITICAL **: 13:08:30.329: g_object_set: assertion 'G_IS_OBJECT (object)' failed
console.warn: SearchSettings: "get: No settings file exists, new profile?" (new Error("", "(unknown module)"))
1617023311472	Marionette	INFO	Listening on port 38687

(/usr/lib/firefox/firefox:3846): GLib-GObject-CRITICAL **: 13:08:31.501: g_object_set: assertion 'G_IS_OBJECT (object)' failed
1617023311521	Marionette	WARN	TLS certificate errors will be ignored for this session
1617023315007	geckodriver	INFO	Listening on 127.0.0.1:53027
1617023315011	mozrunner::runner	INFO	Running command: "/usr/bin/firefox" "--marionette" "-headless" "-foreground" "-no-remote" "-profile" "/tmp/rust_mozprofilevRquFZ"
*** You are running in headless mode.
[GFX1-]: glxtest: Unable to open a connection to the X server
[GFX1-]: glxtest: libEGL missing

(/usr/lib/firefox/firefox:3928): GLib-GObject-CRITICAL **: 13:08:35.936: g_object_set: assertion 'G_IS_OBJECT (object)' failed

(/usr/lib/firefox/firefox:3947): GLib-GObject-CRITICAL **: 13:08:36.050: g_object_set: assertion 'G_IS_OBJECT (object)' failed
console.warn: SearchSettings: "get: No settings file exists, new profile?" (new Error("", "(unknown module)"))

(/usr/lib/firefox/firefox:4010): GLib-GObject-CRITICAL **: 13:08:37.177: g_object_set: assertion 'G_IS_OBJECT (object)' failed
1617023317205	Marionette	INFO	Listening on port 39093
1617023317254	Marionette	WARN	TLS certificate errors will be ignored for this session
1617023320657	geckodriver	INFO	Listening on 127.0.0.1:36915
1617023320661	mozrunner::runner	INFO	Running command: "/usr/bin/firefox" "--marionette" "-headless" "-foreground" "-no-remote" "-profile" "/tmp/rust_mozprofilefehwXK"
*** You are running in headless mode.
[GFX1-]: glxtest: Unable to open a connection to the X server
[GFX1-]: glxtest: libEGL missing

(/usr/lib/firefox/firefox:4095): GLib-GObject-CRITICAL **: 13:08:41.533: g_object_set: assertion 'G_IS_OBJECT (object)' failed

(/usr/lib/firefox/firefox:4114): GLib-GObject-CRITICAL **: 13:08:41.626: g_object_set: assertion 'G_IS_OBJECT (object)' failed
console.warn: SearchSettings: "get: No settings file exists, new profile?" (new Error("", "(unknown module)"))

(/usr/lib/firefox/firefox:4172): GLib-GObject-CRITICAL **: 13:08:42.907: g_object_set: assertion 'G_IS_OBJECT (object)' failed
1617023322946	Marionette	INFO	Listening on port 37951
1617023322992	Marionette	WARN	TLS certificate errors will be ignored for this session
1617023328956	geckodriver	INFO	Listening on 127.0.0.1:49721
1617023328960	mozrunner::runner	INFO	Running command: "/usr/bin/firefox" "--marionette" "-headless" "-foreground" "-no-remote" "-profile" "/tmp/rust_mozprofilerLNmod"
*** You are running in headless mode.
[GFX1-]: glxtest: Unable to open a connection to the X server
[GFX1-]: glxtest: libEGL missing

(/usr/lib/firefox/firefox:4268): GLib-GObject-CRITICAL **: 13:08:49.850: g_object_set: assertion 'G_IS_OBJECT (object)' failed

(/usr/lib/firefox/firefox:4287): GLib-GObject-CRITICAL **: 13:08:49.963: g_object_set: assertion 'G_IS_OBJECT (object)' failed
console.warn: SearchSettings: "get: No settings file exists, new profile?" (new Error("", "(unknown module)"))
1617023331000	Marionette	INFO	Listening on port 36097

(/usr/lib/firefox/firefox:4346): GLib-GObject-CRITICAL **: 13:08:51.072: g_object_set: assertion 'G_IS_OBJECT (object)' failed
1617023331103	Marionette	WARN	TLS certificate errors will be ignored for this session
1617023334504	geckodriver	INFO	Listening on 127.0.0.1:41019
1617023334548	mozrunner::runner	INFO	Running command: "/usr/bin/firefox" "--marionette" "-headless" "-foreground" "-no-remote" "-profile" "/tmp/rust_mozprofileFsEYBh"
*** You are running in headless mode.
[GFX1-]: glxtest: Unable to open a connection to the X server
[GFX1-]: glxtest: libEGL missing

(/usr/lib/firefox/firefox:4442): GLib-GObject-CRITICAL **: 13:08:55.345: g_object_set: assertion 'G_IS_OBJECT (object)' failed

(/usr/lib/firefox/firefox:4462): GLib-GObject-CRITICAL **: 13:08:55.479: g_object_set: assertion 'G_IS_OBJECT (object)' failed
console.warn: SearchSettings: "get: No settings file exists, new profile?" (new Error("", "(unknown module)"))

(/usr/lib/firefox/firefox:4526): GLib-GObject-CRITICAL **: 13:08:56.819: g_object_set: assertion 'G_IS_OBJECT (object)' failed
1617023336829	Marionette	INFO	Listening on port 36357
1617023336885	Marionette	WARN	TLS certificate errors will be ignored for this session
1617023342690	geckodriver	INFO	Listening on 127.0.0.1:46085
1617023342696	mozrunner::runner	INFO	Running command: "/usr/bin/firefox" "--marionette" "-headless" "-foreground" "-no-remote" "-profile" "/tmp/rust_mozprofile1PCIpH"
*** You are running in headless mode.
[GFX1-]: glxtest: Unable to open a connection to the X server
[GFX1-]: glxtest: libEGL missing

(/usr/lib/firefox/firefox:4624): GLib-GObject-CRITICAL **: 13:09:03.611: g_object_set: assertion 'G_IS_OBJECT (object)' failed

(/usr/lib/firefox/firefox:4638): GLib-GObject-CRITICAL **: 13:09:03.692: g_object_set: assertion 'G_IS_OBJECT (object)' failed
console.warn: SearchSettings: "get: No settings file exists, new profile?" (new Error("", "(unknown module)"))

(/usr/lib/firefox/firefox:4739): GLib-GObject-CRITICAL **: 13:09:04.978: g_object_set: assertion 'G_IS_OBJECT (object)' failed
1617023345051	Marionette	INFO	Listening on port 43077
1617023345147	Marionette	WARN	TLS certificate errors will be ignored for this session
1617023348568	geckodriver	INFO	Listening on 127.0.0.1:60867
1617023348573	mozrunner::runner	INFO	Running command: "/usr/bin/firefox" "--marionette" "-headless" "-foreground" "-no-remote" "-profile" "/tmp/rust_mozprofile17eQSB"
*** You are running in headless mode.
[GFX1-]: glxtest: Unable to open a connection to the X server
[GFX1-]: glxtest: libEGL missing

(/usr/lib/firefox/firefox:4895): GLib-GObject-CRITICAL **: 13:09:09.471: g_object_set: assertion 'G_IS_OBJECT (object)' failed

(/usr/lib/firefox/firefox:4909): GLib-GObject-CRITICAL **: 13:09:09.539: g_object_set: assertion 'G_IS_OBJECT (object)' failed
console.warn: SearchSettings: "get: No settings file exists, new profile?" (new Error("", "(unknown module)"))
1617023350664	Marionette	INFO	Listening on port 38159
1617023350725	Marionette	WARN	TLS certificate errors will be ignored for this session

(/usr/lib/firefox/firefox:4981): GLib-GObject-CRITICAL **: 13:09:10.741: g_object_set: assertion 'G_IS_OBJECT (object)' failed
1617023354259	geckodriver	INFO	Listening on 127.0.0.1:45185
1617023354263	mozrunner::runner	INFO	Running command: "/usr/bin/firefox" "--marionette" "-headless" "-foreground" "-no-remote" "-profile" "/tmp/rust_mozprofileh2RFLN"
*** You are running in headless mode.
[GFX1-]: glxtest: Unable to open a connection to the X server
[GFX1-]: glxtest: libEGL missing

(/usr/lib/firefox/firefox:5075): GLib-GObject-CRITICAL **: 13:09:15.119: g_object_set: assertion 'G_IS_OBJECT (object)' failed

(/usr/lib/firefox/firefox:5094): GLib-GObject-CRITICAL **: 13:09:15.225: g_object_set: assertion 'G_IS_OBJECT (object)' failed
console.warn: SearchSettings: "get: No settings file exists, new profile?" (new Error("", "(unknown module)"))

(/usr/lib/firefox/firefox:5157): GLib-GObject-CRITICAL **: 13:09:16.599: g_object_set: assertion 'G_IS_OBJECT (object)' failed
1617023356616	Marionette	INFO	Listening on port 45265
1617023356701	Marionette	WARN	TLS certificate errors will be ignored for this session
1617023360178	geckodriver	INFO	Listening on 127.0.0.1:32995
1617023360182	mozrunner::runner	INFO	Running command: "/usr/bin/firefox" "--marionette" "-headless" "-foreground" "-no-remote" "-profile" "/tmp/rust_mozprofileOOVb1E"
*** You are running in headless mode.
[GFX1-]: glxtest: Unable to open a connection to the X server
[GFX1-]: glxtest: libEGL missing

(/usr/lib/firefox/firefox:5256): GLib-GObject-CRITICAL **: 13:09:21.054: g_object_set: assertion 'G_IS_OBJECT (object)' failed

(/usr/lib/firefox/firefox:5275): GLib-GObject-CRITICAL **: 13:09:21.239: g_object_set: assertion 'G_IS_OBJECT (object)' failed
console.warn: SearchSettings: "get: No settings file exists, new profile?" (new Error("", "(unknown module)"))

(/usr/lib/firefox/firefox:5331): GLib-GObject-CRITICAL **: 13:09:22.458: g_object_set: assertion 'G_IS_OBJECT (object)' failed
1617023362503	Marionette	INFO	Listening on port 39605
1617023362631	Marionette	WARN	TLS certificate errors will be ignored for this session
1617023368491	geckodriver	INFO	Listening on 127.0.0.1:49365
1617023368496	mozrunner::runner	INFO	Running command: "/usr/bin/firefox" "--marionette" "-headless" "-foreground" "-no-remote" "-profile" "/tmp/rust_mozprofiledqNryE"
*** You are running in headless mode.
[GFX1-]: glxtest: Unable to open a connection to the X server
[GFX1-]: glxtest: libEGL missing

(/usr/lib/firefox/firefox:5417): GLib-GObject-CRITICAL **: 13:09:29.510: g_object_set: assertion 'G_IS_OBJECT (object)' failed

(/usr/lib/firefox/firefox:5429): GLib-GObject-CRITICAL **: 13:09:29.556: g_object_set: assertion 'G_IS_OBJECT (object)' failed
console.warn: SearchSettings: "get: No settings file exists, new profile?" (new Error("", "(unknown module)"))
1617023370838	Marionette	INFO	Listening on port 34671

(/usr/lib/firefox/firefox:5495): GLib-GObject-CRITICAL **: 13:09:30.878: g_object_set: assertion 'G_IS_OBJECT (object)' failed
1617023370935	Marionette	WARN	TLS certificate errors will be ignored for this session
1617023374245	geckodriver	INFO	Listening on 127.0.0.1:35059
1617023374249	mozrunner::runner	INFO	Running command: "/usr/bin/firefox" "--marionette" "-headless" "-foreground" "-no-remote" "-profile" "/tmp/rust_mozprofileYJ88Dk"
*** You are running in headless mode.
[GFX1-]: glxtest: Unable to open a connection to the X server
[GFX1-]: glxtest: libEGL missing

(/usr/lib/firefox/firefox:5581): GLib-GObject-CRITICAL **: 13:09:35.099: g_object_set: assertion 'G_IS_OBJECT (object)' failed

(/usr/lib/firefox/firefox:5598): GLib-GObject-CRITICAL **: 13:09:35.183: g_object_set: assertion 'G_IS_OBJECT (object)' failed
console.warn: SearchSettings: "get: No settings file exists, new profile?" (new Error("", "(unknown module)"))

(/usr/lib/firefox/firefox:5658): GLib-GObject-CRITICAL **: 13:09:36.598: g_object_set: assertion 'G_IS_OBJECT (object)' failed
1617023376666	Marionette	INFO	Listening on port 35611
1617023376779	Marionette	WARN	TLS certificate errors will be ignored for this session
1617023382602	geckodriver	INFO	Listening on 127.0.0.1:39437
1617023382606	mozrunner::runner	INFO	Running command: "/usr/bin/firefox" "--marionette" "-headless" "-foreground" "-no-remote" "-profile" "/tmp/rust_mozprofileV6zLJc"
*** You are running in headless mode.
[GFX1-]: glxtest: Unable to open a connection to the X server
[GFX1-]: glxtest: libEGL missing

(/usr/lib/firefox/firefox:5742): GLib-GObject-CRITICAL **: 13:09:43.373: g_object_set: assertion 'G_IS_OBJECT (object)' failed

(/usr/lib/firefox/firefox:5763): GLib-GObject-CRITICAL **: 13:09:43.665: g_object_set: assertion 'G_IS_OBJECT (object)' failed
console.warn: SearchSettings: "get: No settings file exists, new profile?" (new Error("", "(unknown module)"))

(/usr/lib/firefox/firefox:5824): GLib-GObject-CRITICAL **: 13:09:44.876: g_object_set: assertion 'G_IS_OBJECT (object)' failed
1617023384877	Marionette	INFO	Listening on port 33927
1617023384954	Marionette	WARN	TLS certificate errors will be ignored for this session
1617023388566	geckodriver	INFO	Listening on 127.0.0.1:51631
1617023388571	mozrunner::runner	INFO	Running command: "/usr/bin/firefox" "--marionette" "-headless" "-foreground" "-no-remote" "-profile" "/tmp/rust_mozprofileQ8ormd"
*** You are running in headless mode.
[GFX1-]: glxtest: Unable to open a connection to the X server
[GFX1-]: glxtest: libEGL missing

(/usr/lib/firefox/firefox:5903): GLib-GObject-CRITICAL **: 13:09:49.453: g_object_set: assertion 'G_IS_OBJECT (object)' failed

(/usr/lib/firefox/firefox:5925): GLib-GObject-CRITICAL **: 13:09:49.598: g_object_set: assertion 'G_IS_OBJECT (object)' failed
console.warn: SearchSettings: "get: No settings file exists, new profile?" (new Error("", "(unknown module)"))
1617023390836	Marionette	INFO	Listening on port 34919

(/usr/lib/firefox/firefox:5991): GLib-GObject-CRITICAL **: 13:09:50.870: g_object_set: assertion 'G_IS_OBJECT (object)' failed
1617023390903	Marionette	WARN	TLS certificate errors will be ignored for this session
1617023396694	geckodriver	INFO	Listening on 127.0.0.1:42519
1617023396698	mozrunner::runner	INFO	Running command: "/usr/bin/firefox" "--marionette" "-headless" "-foreground" "-no-remote" "-profile" "/tmp/rust_mozprofilelAvn0p"
*** You are running in headless mode.
[GFX1-]: glxtest: Unable to open a connection to the X server
[GFX1-]: glxtest: libEGL missing

(/usr/lib/firefox/firefox:6083): GLib-GObject-CRITICAL **: 13:09:57.579: g_object_set: assertion 'G_IS_OBJECT (object)' failed

(/usr/lib/firefox/firefox:6102): GLib-GObject-CRITICAL **: 13:09:57.717: g_object_set: assertion 'G_IS_OBJECT (object)' failed
console.warn: SearchSettings: "get: No settings file exists, new profile?" (new Error("", "(unknown module)"))

(/usr/lib/firefox/firefox:6156): GLib-GObject-CRITICAL **: 13:09:58.720: g_object_set: assertion 'G_IS_OBJECT (object)' failed
1617023398723	Marionette	INFO	Listening on port 41319
1617023398839	Marionette	WARN	TLS certificate errors will be ignored for this session
1617023402275	geckodriver	INFO	Listening on 127.0.0.1:45307
1617023402279	mozrunner::runner	INFO	Running command: "/usr/bin/firefox" "--marionette" "-headless" "-foreground" "-no-remote" "-profile" "/tmp/rust_mozprofilewzyCCq"
*** You are running in headless mode.
[GFX1-]: glxtest: Unable to open a connection to the X server
[GFX1-]: glxtest: libEGL missing

(/usr/lib/firefox/firefox:6257): GLib-GObject-CRITICAL **: 13:10:03.366: g_object_set: assertion 'G_IS_OBJECT (object)' failed

(/usr/lib/firefox/firefox:6276): GLib-GObject-CRITICAL **: 13:10:03.590: g_object_set: assertion 'G_IS_OBJECT (object)' failed
console.warn: SearchSettings: "get: No settings file exists, new profile?" (new Error("", "(unknown module)"))
1617023405231	Marionette	INFO	Listening on port 37887
1617023405339	Marionette	WARN	TLS certificate errors will be ignored for this session

(/usr/lib/firefox/firefox:6341): GLib-GObject-CRITICAL **: 13:10:05.942: g_object_set: assertion 'G_IS_OBJECT (object)' failed
1617023409140	geckodriver	INFO	Listening on 127.0.0.1:39083
1617023409148	mozrunner::runner	INFO	Running command: "/usr/bin/firefox" "--marionette" "-headless" "-foreground" "-no-remote" "-profile" "/tmp/rust_mozprofile5OFGbo"
*** You are running in headless mode.
[GFX1-]: glxtest: Unable to open a connection to the X server
[GFX1-]: glxtest: libEGL missing

(/usr/lib/firefox/firefox:6435): GLib-GObject-CRITICAL **: 13:10:10.188: g_object_set: assertion 'G_IS_OBJECT (object)' failed

(/usr/lib/firefox/firefox:6449): GLib-GObject-CRITICAL **: 13:10:12.811: g_object_set: assertion 'G_IS_OBJECT (object)' failed
console.warn: SearchSettings: "get: No settings file exists, new profile?" (new Error("", "(unknown module)"))

(/usr/lib/firefox/firefox:6516): GLib-GObject-CRITICAL **: 13:10:13.773: g_object_set: assertion 'G_IS_OBJECT (object)' failed
1617023413945	Marionette	INFO	Listening on port 38189
1617023413993	Marionette	WARN	TLS certificate errors will be ignored for this session
1617023463818	geckodriver	INFO	Listening on 127.0.0.1:32879
1617023464825	mozrunner::runner	INFO	Running command: "/usr/bin/firefox" "--marionette" "-headless" "-foreground" "-no-remote" "-profile" "/tmp/rust_mozprofilek9hUam"
*** You are running in headless mode.
[GFX1-]: glxtest: Unable to open a connection to the X server
[GFX1-]: glxtest: libEGL missing

(/usr/lib/firefox/firefox:1815): GLib-GObject-CRITICAL **: 13:11:06.342: g_object_set: assertion 'G_IS_OBJECT (object)' failed

(/usr/lib/firefox/firefox:1835): GLib-GObject-CRITICAL **: 13:11:06.468: g_object_set: assertion 'G_IS_OBJECT (object)' failed
console.warn: SearchSettings: "get: No settings file exists, new profile?" (new Error("", "(unknown module)"))
1617023467636	Marionette	INFO	Listening on port 41987

(/usr/lib/firefox/firefox:1899): GLib-GObject-CRITICAL **: 13:11:07.655: g_object_set: assertion 'G_IS_OBJECT (object)' failed
1617023467772	Marionette	WARN	TLS certificate errors will be ignored for this session
1617023472686	Marionette	INFO	Stopped listening on port 41987

###!!! [Parent][RunMessage] Error: Channel closing: too late to send/recv, messages will be lost

1617023473282	geckodriver	INFO	Listening on 127.0.0.1:51905
1617023473286	mozrunner::runner	INFO	Running command: "/usr/bin/firefox" "--marionette" "-headless" "-foreground" "-no-remote" "-profile" "/tmp/rust_mozprofilef3hlPX"
*** You are running in headless mode.
[GFX1-]: glxtest: Unable to open a connection to the X server
[GFX1-]: glxtest: libEGL missing

(/usr/lib/firefox/firefox:1981): GLib-GObject-CRITICAL **: 13:11:14.149: g_object_set: assertion 'G_IS_OBJECT (object)' failed

(/usr/lib/firefox/firefox:2000): GLib-GObject-CRITICAL **: 13:11:14.254: g_object_set: assertion 'G_IS_OBJECT (object)' failed
console.warn: SearchSettings: "get: No settings file exists, new profile?" (new Error("", "(unknown module)"))
1617023475382	Marionette	INFO	Listening on port 34797
1617023475422	Marionette	WARN	TLS certificate errors will be ignored for this session

(/usr/lib/firefox/firefox:2054): GLib-GObject-CRITICAL **: 13:11:15.458: g_object_set: assertion 'G_IS_OBJECT (object)' failed
1617023478814	geckodriver	INFO	Listening on 127.0.0.1:60103
1617023478818	mozrunner::runner	INFO	Running command: "/usr/bin/firefox" "--marionette" "-headless" "-foreground" "-no-remote" "-profile" "/tmp/rust_mozprofileV6DBnK"
*** You are running in headless mode.
[GFX1-]: glxtest: Unable to open a connection to the X server
[GFX1-]: glxtest: libEGL missing

(/usr/lib/firefox/firefox:2131): GLib-GObject-CRITICAL **: 13:11:19.702: g_object_set: assertion 'G_IS_OBJECT (object)' failed

(/usr/lib/firefox/firefox:2150): GLib-GObject-CRITICAL **: 13:11:19.840: g_object_set: assertion 'G_IS_OBJECT (object)' failed
console.warn: SearchSettings: "get: No settings file exists, new profile?" (new Error("", "(unknown module)"))
1617023480914	Marionette	INFO	Listening on port 46225

(/usr/lib/firefox/firefox:2209): GLib-GObject-CRITICAL **: 13:11:20.945: g_object_set: assertion 'G_IS_OBJECT (object)' failed
1617023480969	Marionette	WARN	TLS certificate errors will be ignored for this session
1617023486790	geckodriver	INFO	Listening on 127.0.0.1:55033
1617023486794	mozrunner::runner	INFO	Running command: "/usr/bin/firefox" "--marionette" "-headless" "-foreground" "-no-remote" "-profile" "/tmp/rust_mozprofilelT7grS"
*** You are running in headless mode.
[GFX1-]: glxtest: Unable to open a connection to the X server
[GFX1-]: glxtest: libEGL missing

(/usr/lib/firefox/firefox:2295): GLib-GObject-CRITICAL **: 13:11:27.605: g_object_set: assertion 'G_IS_OBJECT (object)' failed

(/usr/lib/firefox/firefox:2314): GLib-GObject-CRITICAL **: 13:11:27.732: g_object_set: assertion 'G_IS_OBJECT (object)' failed
console.warn: SearchSettings: "get: No settings file exists, new profile?" (new Error("", "(unknown module)"))
1617023488930	Marionette	INFO	Listening on port 41185

(/usr/lib/firefox/firefox:2375): GLib-GObject-CRITICAL **: 13:11:28.982: g_object_set: assertion 'G_IS_OBJECT (object)' failed
1617023489031	Marionette	WARN	TLS certificate errors will be ignored for this session
1617023493581	Marionette	INFO	Stopped listening on port 41185
1617023494167	geckodriver	INFO	Listening on 127.0.0.1:57969
1617023494171	mozrunner::runner	INFO	Running command: "/usr/bin/firefox" "--marionette" "-headless" "-foreground" "-no-remote" "-profile" "/tmp/rust_mozprofileYF2yNb"
*** You are running in headless mode.
[GFX1-]: glxtest: Unable to open a connection to the X server
[GFX1-]: glxtest: libEGL missing

(/usr/lib/firefox/firefox:2479): GLib-GObject-CRITICAL **: 13:11:35.117: g_object_set: assertion 'G_IS_OBJECT (object)' failed

(/usr/lib/firefox/firefox:2496): GLib-GObject-CRITICAL **: 13:11:35.215: g_object_set: assertion 'G_IS_OBJECT (object)' failed
console.warn: SearchSettings: "get: No settings file exists, new profile?" (new Error("", "(unknown module)"))
1617023496377	Marionette	INFO	Listening on port 38365
1617023496420	Marionette	WARN	TLS certificate errors will be ignored for this session

(/usr/lib/firefox/firefox:2559): GLib-GObject-CRITICAL **: 13:11:36.470: g_object_set: assertion 'G_IS_OBJECT (object)' failed
1617023501322	geckodriver	INFO	Listening on 127.0.0.1:54521
1617023501326	mozrunner::runner	INFO	Running command: "/usr/bin/firefox" "--marionette" "-headless" "-foreground" "-no-remote" "-profile" "/tmp/rust_mozprofileFXJEwc"
*** You are running in headless mode.
[GFX1-]: glxtest: Unable to open a connection to the X server
[GFX1-]: glxtest: libEGL missing

(/usr/lib/firefox/firefox:2645): GLib-GObject-CRITICAL **: 13:11:42.183: g_object_set: assertion 'G_IS_OBJECT (object)' failed

(/usr/lib/firefox/firefox:2664): GLib-GObject-CRITICAL **: 13:11:42.304: g_object_set: assertion 'G_IS_OBJECT (object)' failed
console.warn: SearchSettings: "get: No settings file exists, new profile?" (new Error("", "(unknown module)"))
1617023503491	Marionette	INFO	Listening on port 33847

(/usr/lib/firefox/firefox:2724): GLib-GObject-CRITICAL **: 13:11:43.493: g_object_set: assertion 'G_IS_OBJECT (object)' failed
1617023503563	Marionette	WARN	TLS certificate errors will be ignored for this session
1617023507044	geckodriver	INFO	Listening on 127.0.0.1:35809
1617023508050	mozrunner::runner	INFO	Running command: "/usr/bin/firefox" "--marionette" "-headless" "-foreground" "-no-remote" "-profile" "/tmp/rust_mozprofileLI4CG8"
*** You are running in headless mode.
[GFX1-]: glxtest: Unable to open a connection to the X server
[GFX1-]: glxtest: libEGL missing

(/usr/lib/firefox/firefox:2811): GLib-GObject-CRITICAL **: 13:11:48.971: g_object_set: assertion 'G_IS_OBJECT (object)' failed

(/usr/lib/firefox/firefox:2830): GLib-GObject-CRITICAL **: 13:11:49.084: g_object_set: assertion 'G_IS_OBJECT (object)' failed
console.warn: SearchSettings: "get: No settings file exists, new profile?" (new Error("", "(unknown module)"))

(/usr/lib/firefox/firefox:2892): GLib-GObject-CRITICAL **: 13:11:50.323: g_object_set: assertion 'G_IS_OBJECT (object)' failed
1617023510355	Marionette	INFO	Listening on port 42527
1617023510385	Marionette	WARN	TLS certificate errors will be ignored for this session
1617023564231	geckodriver	INFO	Listening on 127.0.0.1:35211
1617023565240	mozrunner::runner	INFO	Running command: "/usr/bin/firefox" "--marionette" "-headless" "-foreground" "-no-remote" "-profile" "/tmp/rust_mozprofileiPDXHH"
*** You are running in headless mode.
[GFX1-]: glxtest: Unable to open a connection to the X server
[GFX1-]: glxtest: libEGL missing

(/usr/lib/firefox/firefox:1669): GLib-GObject-CRITICAL **: 13:12:46.724: g_object_set: assertion 'G_IS_OBJECT (object)' failed

(/usr/lib/firefox/firefox:1689): GLib-GObject-CRITICAL **: 13:12:46.822: g_object_set: assertion 'G_IS_OBJECT (object)' failed
console.warn: SearchSettings: "get: No settings file exists, new profile?" (new Error("", "(unknown module)"))
1617023567914	Marionette	INFO	Listening on port 42849
1617023567978	Marionette	WARN	TLS certificate errors will be ignored for this session

(/usr/lib/firefox/firefox:1753): GLib-GObject-CRITICAL **: 13:12:48.003: g_object_set: assertion 'G_IS_OBJECT (object)' failed
1617023574173	geckodriver	INFO	Listening on 127.0.0.1:33713
1617023574177	mozrunner::runner	INFO	Running command: "/usr/bin/firefox" "--marionette" "-headless" "-foreground" "-no-remote" "-profile" "/tmp/rust_mozprofilex2Gtqy"
*** You are running in headless mode.
[GFX1-]: glxtest: Unable to open a connection to the X server
[GFX1-]: glxtest: libEGL missing

(/usr/lib/firefox/firefox:1839): GLib-GObject-CRITICAL **: 13:12:55.003: g_object_set: assertion 'G_IS_OBJECT (object)' failed

(/usr/lib/firefox/firefox:1858): GLib-GObject-CRITICAL **: 13:12:55.095: g_object_set: assertion 'G_IS_OBJECT (object)' failed
console.warn: SearchSettings: "get: No settings file exists, new profile?" (new Error("", "(unknown module)"))

(/usr/lib/firefox/firefox:1908): GLib-GObject-CRITICAL **: 13:12:56.388: g_object_set: assertion 'G_IS_OBJECT (object)' failed
1617023576410	Marionette	INFO	Listening on port 36879
1617023576514	Marionette	WARN	TLS certificate errors will be ignored for this session
1617023582362	geckodriver	INFO	Listening on 127.0.0.1:40523
1617023582367	mozrunner::runner	INFO	Running command: "/usr/bin/firefox" "--marionette" "-headless" "-foreground" "-no-remote" "-profile" "/tmp/rust_mozprofileAGhf4R"
*** You are running in headless mode.
[GFX1-]: glxtest: Unable to open a connection to the X server
[GFX1-]: glxtest: libEGL missing

(/usr/lib/firefox/firefox:1990): GLib-GObject-CRITICAL **: 13:13:03.194: g_object_set: assertion 'G_IS_OBJECT (object)' failed

(/usr/lib/firefox/firefox:2010): GLib-GObject-CRITICAL **: 13:13:03.311: g_object_set: assertion 'G_IS_OBJECT (object)' failed
console.warn: SearchSettings: "get: No settings file exists, new profile?" (new Error("", "(unknown module)"))
1617023584304	Marionette	INFO	Listening on port 36827

(/usr/lib/firefox/firefox:2077): GLib-GObject-CRITICAL **: 13:13:04.339: g_object_set: assertion 'G_IS_OBJECT (object)' failed
1617023584408	Marionette	WARN	TLS certificate errors will be ignored for this session
1617023587693	geckodriver	INFO	Listening on 127.0.0.1:53071
1617023587697	mozrunner::runner	INFO	Running command: "/usr/bin/firefox" "--marionette" "-headless" "-foreground" "-no-remote" "-profile" "/tmp/rust_mozprofileQbJYga"
*** You are running in headless mode.
[GFX1-]: glxtest: Unable to open a connection to the X server
[GFX1-]: glxtest: libEGL missing

(/usr/lib/firefox/firefox:2158): GLib-GObject-CRITICAL **: 13:13:08.551: g_object_set: assertion 'G_IS_OBJECT (object)' failed

(/usr/lib/firefox/firefox:2174): GLib-GObject-CRITICAL **: 13:13:08.669: g_object_set: assertion 'G_IS_OBJECT (object)' failed
console.warn: SearchSettings: "get: No settings file exists, new profile?" (new Error("", "(unknown module)"))
1617023589653	Marionette	INFO	Listening on port 35565

(/usr/lib/firefox/firefox:2246): GLib-GObject-CRITICAL **: 13:13:09.674: g_object_set: assertion 'G_IS_OBJECT (object)' failed
1617023589726	Marionette	WARN	TLS certificate errors will be ignored for this session
1617023593235	geckodriver	INFO	Listening on 127.0.0.1:49591
1617023593240	mozrunner::runner	INFO	Running command: "/usr/bin/firefox" "--marionette" "-headless" "-foreground" "-no-remote" "-profile" "/tmp/rust_mozprofilepJbcDc"
*** You are running in headless mode.
[GFX1-]: glxtest: Unable to open a connection to the X server
[GFX1-]: glxtest: libEGL missing

(/usr/lib/firefox/firefox:2328): GLib-GObject-CRITICAL **: 13:13:14.087: g_object_set: assertion 'G_IS_OBJECT (object)' failed

(/usr/lib/firefox/firefox:2347): GLib-GObject-CRITICAL **: 13:13:14.217: g_object_set: assertion 'G_IS_OBJECT (object)' failed
console.warn: SearchSettings: "get: No settings file exists, new profile?" (new Error("", "(unknown module)"))
1617023595194	Marionette	INFO	Listening on port 37793

(/usr/lib/firefox/firefox:2408): GLib-GObject-CRITICAL **: 13:13:15.267: g_object_set: assertion 'G_IS_OBJECT (object)' failed
1617023595286	Marionette	WARN	TLS certificate errors will be ignored for this session
1617023598833	geckodriver	INFO	Listening on 127.0.0.1:37489
1617023598837	mozrunner::runner	INFO	Running command: "/usr/bin/firefox" "--marionette" "-headless" "-foreground" "-no-remote" "-profile" "/tmp/rust_mozprofileo7NbXW"
*** You are running in headless mode.
[GFX1-]: glxtest: Unable to open a connection to the X server
[GFX1-]: glxtest: libEGL missing

(/usr/lib/firefox/firefox:2492): GLib-GObject-CRITICAL **: 13:13:19.690: g_object_set: assertion 'G_IS_OBJECT (object)' failed

(/usr/lib/firefox/firefox:2511): GLib-GObject-CRITICAL **: 13:13:19.795: g_object_set: assertion 'G_IS_OBJECT (object)' failed
console.warn: SearchSettings: "get: No settings file exists, new profile?" (new Error("", "(unknown module)"))

(/usr/lib/firefox/firefox:2564): GLib-GObject-CRITICAL **: 13:13:21.042: g_object_set: assertion 'G_IS_OBJECT (object)' failed
1617023601074	Marionette	INFO	Listening on port 44289
1617023601198	Marionette	WARN	TLS certificate errors will be ignored for this session
1617023604653	geckodriver	INFO	Listening on 127.0.0.1:37003
1617023604657	mozrunner::runner	INFO	Running command: "/usr/bin/firefox" "--marionette" "-headless" "-foreground" "-no-remote" "-profile" "/tmp/rust_mozprofile4PC0dp"
*** You are running in headless mode.
[GFX1-]: glxtest: Unable to open a connection to the X server
[GFX1-]: glxtest: libEGL missing

(/usr/lib/firefox/firefox:2652): GLib-GObject-CRITICAL **: 13:13:25.532: g_object_set: assertion 'G_IS_OBJECT (object)' failed

(/usr/lib/firefox/firefox:2671): GLib-GObject-CRITICAL **: 13:13:25.669: g_object_set: assertion 'G_IS_OBJECT (object)' failed
console.warn: SearchSettings: "get: No settings file exists, new profile?" (new Error("", "(unknown module)"))
1617023606897	Marionette	INFO	Listening on port 40027

(/usr/lib/firefox/firefox:2730): GLib-GObject-CRITICAL **: 13:13:26.944: g_object_set: assertion 'G_IS_OBJECT (object)' failed
1617023607001	Marionette	WARN	TLS certificate errors will be ignored for this session
1617023610603	geckodriver	INFO	Listening on 127.0.0.1:54133
1617023610608	mozrunner::runner	INFO	Running command: "/usr/bin/firefox" "--marionette" "-headless" "-foreground" "-no-remote" "-profile" "/tmp/rust_mozprofilevo3rSw"
*** You are running in headless mode.
[GFX1-]: glxtest: Unable to open a connection to the X server
[GFX1-]: glxtest: libEGL missing

(/usr/lib/firefox/firefox:2812): GLib-GObject-CRITICAL **: 13:13:31.450: g_object_set: assertion 'G_IS_OBJECT (object)' failed

(/usr/lib/firefox/firefox:2831): GLib-GObject-CRITICAL **: 13:13:31.548: g_object_set: assertion 'G_IS_OBJECT (object)' failed
console.warn: SearchSettings: "get: No settings file exists, new profile?" (new Error("", "(unknown module)"))

(/usr/lib/firefox/firefox:2886): GLib-GObject-CRITICAL **: 13:13:32.892: g_object_set: assertion 'G_IS_OBJECT (object)' failed
1617023612952	Marionette	INFO	Listening on port 45993
1617023613053	Marionette	WARN	TLS certificate errors will be ignored for this session
1617023616647	geckodriver	INFO	Listening on 127.0.0.1:47433
1617023616653	mozrunner::runner	INFO	Running command: "/usr/bin/firefox" "--marionette" "-headless" "-foreground" "-no-remote" "-profile" "/tmp/rust_mozprofilenWqRsw"
*** You are running in headless mode.
[GFX1-]: glxtest: Unable to open a connection to the X server
[GFX1-]: glxtest: libEGL missing

(/usr/lib/firefox/firefox:2976): GLib-GObject-CRITICAL **: 13:13:37.505: g_object_set: assertion 'G_IS_OBJECT (object)' failed

(/usr/lib/firefox/firefox:2995): GLib-GObject-CRITICAL **: 13:13:37.626: g_object_set: assertion 'G_IS_OBJECT (object)' failed
console.warn: SearchSettings: "get: No settings file exists, new profile?" (new Error("", "(unknown module)"))
1617023618656	Marionette	INFO	Listening on port 44109

(/usr/lib/firefox/firefox:3055): GLib-GObject-CRITICAL **: 13:13:38.659: g_object_set: assertion 'G_IS_OBJECT (object)' failed
1617023618685	Marionette	WARN	TLS certificate errors will be ignored for this session
1617023622211	geckodriver	INFO	Listening on 127.0.0.1:41189
1617023623217	mozrunner::runner	INFO	Running command: "/usr/bin/firefox" "--marionette" "-headless" "-foreground" "-no-remote" "-profile" "/tmp/rust_mozprofileCdIUla"
*** You are running in headless mode.
[GFX1-]: glxtest: Unable to open a connection to the X server
[GFX1-]: glxtest: libEGL missing

(/usr/lib/firefox/firefox:3141): GLib-GObject-CRITICAL **: 13:13:44.087: g_object_set: assertion 'G_IS_OBJECT (object)' failed

(/usr/lib/firefox/firefox:3158): GLib-GObject-CRITICAL **: 13:13:44.172: g_object_set: assertion 'G_IS_OBJECT (object)' failed
console.warn: SearchSettings: "get: No settings file exists, new profile?" (new Error("", "(unknown module)"))
1617023625294	Marionette	INFO	Listening on port 37497

(/usr/lib/firefox/firefox:3218): GLib-GObject-CRITICAL **: 13:13:45.372: g_object_set: assertion 'G_IS_OBJECT (object)' failed
1617023625377	Marionette	WARN	TLS certificate errors will be ignored for this session
1617023628955	geckodriver	INFO	Listening on 127.0.0.1:38639
1617023628959	mozrunner::runner	INFO	Running command: "/usr/bin/firefox" "--marionette" "-headless" "-foreground" "-no-remote" "-profile" "/tmp/rust_mozprofile8cPh3W"
*** You are running in headless mode.
[GFX1-]: glxtest: Unable to open a connection to the X server
[GFX1-]: glxtest: libEGL missing

(/usr/lib/firefox/firefox:3327): GLib-GObject-CRITICAL **: 13:13:49.876: g_object_set: assertion 'G_IS_OBJECT (object)' failed

(/usr/lib/firefox/firefox:3343): GLib-GObject-CRITICAL **: 13:13:49.962: g_object_set: assertion 'G_IS_OBJECT (object)' failed
console.warn: SearchSettings: "get: No settings file exists, new profile?" (new Error("", "(unknown module)"))
1617023630905	Marionette	INFO	Listening on port 35507

(/usr/lib/firefox/firefox:3403): GLib-GObject-CRITICAL **: 13:13:50.940: g_object_set: assertion 'G_IS_OBJECT (object)' failed
1617023631002	Marionette	WARN	TLS certificate errors will be ignored for this session
1617023636804	geckodriver	INFO	Listening on 127.0.0.1:33867
1617023636809	mozrunner::runner	INFO	Running command: "/usr/bin/firefox" "--marionette" "-headless" "-foreground" "-no-remote" "-profile" "/tmp/rust_mozprofile28HUcd"
*** You are running in headless mode.
[GFX1-]: glxtest: Unable to open a connection to the X server
[GFX1-]: glxtest: libEGL missing

(/usr/lib/firefox/firefox:3496): GLib-GObject-CRITICAL **: 13:13:57.642: g_object_set: assertion 'G_IS_OBJECT (object)' failed

(/usr/lib/firefox/firefox:3510): GLib-GObject-CRITICAL **: 13:13:57.761: g_object_set: assertion 'G_IS_OBJECT (object)' failed
console.warn: SearchSettings: "get: No settings file exists, new profile?" (new Error("", "(unknown module)"))
1617023639047	Marionette	INFO	Listening on port 42621

(/usr/lib/firefox/firefox:3572): GLib-GObject-CRITICAL **: 13:13:59.053: g_object_set: assertion 'G_IS_OBJECT (object)' failed
1617023639172	Marionette	WARN	TLS certificate errors will be ignored for this session
1617023644949	geckodriver	INFO	Listening on 127.0.0.1:38625
1617023644954	mozrunner::runner	INFO	Running command: "/usr/bin/firefox" "--marionette" "-headless" "-foreground" "-no-remote" "-profile" "/tmp/rust_mozprofileSN3xAw"
*** You are running in headless mode.
[GFX1-]: glxtest: Unable to open a connection to the X server
[GFX1-]: glxtest: libEGL missing

(/usr/lib/firefox/firefox:3667): GLib-GObject-CRITICAL **: 13:14:05.773: g_object_set: assertion 'G_IS_OBJECT (object)' failed

(/usr/lib/firefox/firefox:3686): GLib-GObject-CRITICAL **: 13:14:05.911: g_object_set: assertion 'G_IS_OBJECT (object)' failed
console.warn: SearchSettings: "get: No settings file exists, new profile?" (new Error("", "(unknown module)"))
1617023646919	Marionette	INFO	Listening on port 34289

(/usr/lib/firefox/firefox:3747): GLib-GObject-CRITICAL **: 13:14:06.992: g_object_set: assertion 'G_IS_OBJECT (object)' failed
1617023646999	Marionette	WARN	TLS certificate errors will be ignored for this session
1617023650523	geckodriver	INFO	Listening on 127.0.0.1:45141
1617023650527	mozrunner::runner	INFO	Running command: "/usr/bin/firefox" "--marionette" "-headless" "-foreground" "-no-remote" "-profile" "/tmp/rust_mozprofileYDKoli"
*** You are running in headless mode.
[GFX1-]: glxtest: Unable to open a connection to the X server
[GFX1-]: glxtest: libEGL missing

(/usr/lib/firefox/firefox:3842): GLib-GObject-CRITICAL **: 13:14:11.413: g_object_set: assertion 'G_IS_OBJECT (object)' failed

(/usr/lib/firefox/firefox:3853): GLib-GObject-CRITICAL **: 13:14:11.475: g_object_set: assertion 'G_IS_OBJECT (object)' failed
console.warn: SearchSettings: "get: No settings file exists, new profile?" (new Error("", "(unknown module)"))
1617023652496	Marionette	INFO	Listening on port 33847

(/usr/lib/firefox/firefox:3912): GLib-GObject-CRITICAL **: 13:14:12.560: g_object_set: assertion 'G_IS_OBJECT (object)' failed
1617023652563	Marionette	WARN	TLS certificate errors will be ignored for this session
1617023656161	geckodriver	INFO	Listening on 127.0.0.1:36073
1617023656166	mozrunner::runner	INFO	Running command: "/usr/bin/firefox" "--marionette" "-headless" "-foreground" "-no-remote" "-profile" "/tmp/rust_mozprofile50axzX"
*** You are running in headless mode.
[GFX1-]: glxtest: Unable to open a connection to the X server
[GFX1-]: glxtest: libEGL missing

(/usr/lib/firefox/firefox:4000): GLib-GObject-CRITICAL **: 13:14:17.080: g_object_set: assertion 'G_IS_OBJECT (object)' failed

(/usr/lib/firefox/firefox:4017): GLib-GObject-CRITICAL **: 13:14:17.203: g_object_set: assertion 'G_IS_OBJECT (object)' failed
console.warn: SearchSettings: "get: No settings file exists, new profile?" (new Error("", "(unknown module)"))

(/usr/lib/firefox/firefox:4076): GLib-GObject-CRITICAL **: 13:14:18.466: g_object_set: assertion 'G_IS_OBJECT (object)' failed
1617023658529	Marionette	INFO	Listening on port 33463
1617023658623	Marionette	WARN	TLS certificate errors will be ignored for this session
1617023662205	geckodriver	INFO	Listening on 127.0.0.1:39519
1617023662209	mozrunner::runner	INFO	Running command: "/usr/bin/firefox" "--marionette" "-headless" "-foreground" "-no-remote" "-profile" "/tmp/rust_mozprofilebYXiaW"
*** You are running in headless mode.
[GFX1-]: glxtest: Unable to open a connection to the X server
[GFX1-]: glxtest: libEGL missing

(/usr/lib/firefox/firefox:4176): GLib-GObject-CRITICAL **: 13:14:23.057: g_object_set: assertion 'G_IS_OBJECT (object)' failed

(/usr/lib/firefox/firefox:4195): GLib-GObject-CRITICAL **: 13:14:23.167: g_object_set: assertion 'G_IS_OBJECT (object)' failed
console.warn: SearchSettings: "get: No settings file exists, new profile?" (new Error("", "(unknown module)"))
1617023664402	Marionette	INFO	Listening on port 36035

(/usr/lib/firefox/firefox:4254): GLib-GObject-CRITICAL **: 13:14:24.427: g_object_set: assertion 'G_IS_OBJECT (object)' failed
1617023664450	Marionette	WARN	TLS certificate errors will be ignored for this session
1617023668040	geckodriver	INFO	Listening on 127.0.0.1:44619
1617023668046	mozrunner::runner	INFO	Running command: "/usr/bin/firefox" "--marionette" "-headless" "-foreground" "-no-remote" "-profile" "/tmp/rust_mozprofileTT0oay"
*** You are running in headless mode.
[GFX1-]: glxtest: Unable to open a connection to the X server
[GFX1-]: glxtest: libEGL missing

(/usr/lib/firefox/firefox:4350): GLib-GObject-CRITICAL **: 13:14:29.042: g_object_set: assertion 'G_IS_OBJECT (object)' failed

(/usr/lib/firefox/firefox:4344): GLib-GObject-CRITICAL **: 13:14:29.044: g_object_set: assertion 'G_IS_OBJECT (object)' failed
console.warn: SearchSettings: "get: No settings file exists, new profile?" (new Error("", "(unknown module)"))

(/usr/lib/firefox/firefox:4427): GLib-GObject-CRITICAL **: 13:14:30.366: g_object_set: assertion 'G_IS_OBJECT (object)' failed
1617023670373	Marionette	INFO	Listening on port 38389
1617023670483	Marionette	WARN	TLS certificate errors will be ignored for this session
1617023676430	geckodriver	INFO	Listening on 127.0.0.1:34769
1617023676464	mozrunner::runner	INFO	Running command: "/usr/bin/firefox" "--marionette" "-headless" "-foreground" "-no-remote" "-profile" "/tmp/rust_mozprofilevH7CAc"
*** You are running in headless mode.
[GFX1-]: glxtest: Unable to open a connection to the X server
[GFX1-]: glxtest: libEGL missing

(/usr/lib/firefox/firefox:4530): GLib-GObject-CRITICAL **: 13:14:37.353: g_object_set: assertion 'G_IS_OBJECT (object)' failed

(/usr/lib/firefox/firefox:4550): GLib-GObject-CRITICAL **: 13:14:37.467: g_object_set: assertion 'G_IS_OBJECT (object)' failed
console.warn: SearchSettings: "get: No settings file exists, new profile?" (new Error("", "(unknown module)"))
1617023678759	Marionette	INFO	Listening on port 33465
1617023678822	Marionette	WARN	TLS certificate errors will be ignored for this session

(/usr/lib/firefox/firefox:4609): GLib-GObject-CRITICAL **: 13:14:38.834: g_object_set: assertion 'G_IS_OBJECT (object)' failed
1617023682399	geckodriver	INFO	Listening on 127.0.0.1:52115
1617023682406	mozrunner::runner	INFO	Running command: "/usr/bin/firefox" "--marionette" "-headless" "-foreground" "-no-remote" "-profile" "/tmp/rust_mozprofileIRdMMP"
*** You are running in headless mode.
[GFX1-]: glxtest: Unable to open a connection to the X server
[GFX1-]: glxtest: libEGL missing

(/usr/lib/firefox/firefox:4700): GLib-GObject-CRITICAL **: 13:14:43.253: g_object_set: assertion 'G_IS_OBJECT (object)' failed

(/usr/lib/firefox/firefox:4716): GLib-GObject-CRITICAL **: 13:14:43.351: g_object_set: assertion 'G_IS_OBJECT (object)' failed
console.warn: SearchSettings: "get: No settings file exists, new profile?" (new Error("", "(unknown module)"))

(/usr/lib/firefox/firefox:4778): GLib-GObject-CRITICAL **: 13:14:44.667: g_object_set: assertion 'G_IS_OBJECT (object)' failed
1617023684703	Marionette	INFO	Listening on port 41439
1617023684737	Marionette	WARN	TLS certificate errors will be ignored for this session
1617023688274	geckodriver	INFO	Listening on 127.0.0.1:53485
1617023688279	mozrunner::runner	INFO	Running command: "/usr/bin/firefox" "--marionette" "-headless" "-foreground" "-no-remote" "-profile" "/tmp/rust_mozprofilevRsk0o"
*** You are running in headless mode.
[GFX1-]: glxtest: Unable to open a connection to the X server
[GFX1-]: glxtest: libEGL missing

(/usr/lib/firefox/firefox:4868): GLib-GObject-CRITICAL **: 13:14:49.154: g_object_set: assertion 'G_IS_OBJECT (object)' failed

(/usr/lib/firefox/firefox:4888): GLib-GObject-CRITICAL **: 13:14:49.319: g_object_set: assertion 'G_IS_OBJECT (object)' failed
console.warn: SearchSettings: "get: No settings file exists, new profile?" (new Error("", "(unknown module)"))

(/usr/lib/firefox/firefox:4959): GLib-GObject-CRITICAL **: 13:14:50.637: g_object_set: assertion 'G_IS_OBJECT (object)' failed
1617023690712	Marionette	INFO	Listening on port 41539
1617023690820	Marionette	WARN	TLS certificate errors will be ignored for this session
1617023694423	geckodriver	INFO	Listening on 127.0.0.1:48705
1617023694428	mozrunner::runner	INFO	Running command: "/usr/bin/firefox" "--marionette" "-headless" "-foreground" "-no-remote" "-profile" "/tmp/rust_mozprofileAYLu1U"
*** You are running in headless mode.
[GFX1-]: glxtest: Unable to open a connection to the X server
[GFX1-]: glxtest: libEGL missing

(/usr/lib/firefox/firefox:5043): GLib-GObject-CRITICAL **: 13:14:55.486: g_object_set: assertion 'G_IS_OBJECT (object)' failed

(/usr/lib/firefox/firefox:5057): GLib-GObject-CRITICAL **: 13:14:55.591: g_object_set: assertion 'G_IS_OBJECT (object)' failed
console.warn: SearchSettings: "get: No settings file exists, new profile?" (new Error("", "(unknown module)"))

(/usr/lib/firefox/firefox:5122): GLib-GObject-CRITICAL **: 13:14:56.901: g_object_set: assertion 'G_IS_OBJECT (object)' failed
1617023696902	Marionette	INFO	Listening on port 32783
1617023696960	Marionette	WARN	TLS certificate errors will be ignored for this session
1617023700461	geckodriver	INFO	Listening on 127.0.0.1:48105
1617023700466	mozrunner::runner	INFO	Running command: "/usr/bin/firefox" "--marionette" "-headless" "-foreground" "-no-remote" "-profile" "/tmp/rust_mozprofileEmaTsl"
*** You are running in headless mode.
[GFX1-]: glxtest: Unable to open a connection to the X server
[GFX1-]: glxtest: libEGL missing

(/usr/lib/firefox/firefox:5210): GLib-GObject-CRITICAL **: 13:15:01.378: g_object_set: assertion 'G_IS_OBJECT (object)' failed

(/usr/lib/firefox/firefox:5229): GLib-GObject-CRITICAL **: 13:15:01.508: g_object_set: assertion 'G_IS_OBJECT (object)' failed
console.warn: SearchSettings: "get: No settings file exists, new profile?" (new Error("", "(unknown module)"))

(/usr/lib/firefox/firefox:5288): GLib-GObject-CRITICAL **: 13:15:02.750: g_object_set: assertion 'G_IS_OBJECT (object)' failed
1617023702827	Marionette	INFO	Listening on port 39839
1617023702911	Marionette	WARN	TLS certificate errors will be ignored for this session
1617023706321	geckodriver	INFO	Listening on 127.0.0.1:46079
1617023706325	mozrunner::runner	INFO	Running command: "/usr/bin/firefox" "--marionette" "-headless" "-foreground" "-no-remote" "-profile" "/tmp/rust_mozprofileZ0dHCP"
*** You are running in headless mode.
[GFX1-]: glxtest: Unable to open a connection to the X server
[GFX1-]: glxtest: libEGL missing

(/usr/lib/firefox/firefox:5372): GLib-GObject-CRITICAL **: 13:15:07.243: g_object_set: assertion 'G_IS_OBJECT (object)' failed

(/usr/lib/firefox/firefox:5394): GLib-GObject-CRITICAL **: 13:15:07.394: g_object_set: assertion 'G_IS_OBJECT (object)' failed
console.warn: SearchSettings: "get: No settings file exists, new profile?" (new Error("", "(unknown module)"))
1617023708822	Marionette	INFO	Listening on port 34691

(/usr/lib/firefox/firefox:5449): GLib-GObject-CRITICAL **: 13:15:08.834: g_object_set: assertion 'G_IS_OBJECT (object)' failed
1617023708860	Marionette	WARN	TLS certificate errors will be ignored for this session
